{"level":"info","message":"Creating new database","timestamp":"2025-01-24 17:27:26"}
{"level":"info","message":"Creating new users database","timestamp":"2025-01-24 17:27:26"}
{"level":"info","message":"Creating new user catalogs database","timestamp":"2025-01-24 17:27:26"}
{"level":"info","message":"Creating new main user database","timestamp":"2025-01-24 17:27:26"}
{"level":"info","message":"Server started on port 3001","timestamp":"2025-01-24 17:27:26"}
{"level":"debug","message":"Making Stremio API request to /login","timestamp":"2025-01-24 17:27:56"}
{"level":"debug","message":"Making Stremio API request to /addonCollectionGet","timestamp":"2025-01-24 17:27:56"}
{"level":"debug","message":"Making Stremio API request to /login","timestamp":"2025-01-24 17:29:21"}
{"level":"debug","message":"Making Stremio API request to /addonCollectionGet","timestamp":"2025-01-24 17:29:21"}
{"level":"debug","message":"Making Stremio API request to /login","timestamp":"2025-01-24 17:34:44"}
{"level":"debug","message":"Making Stremio API request to /addonCollectionGet","timestamp":"2025-01-24 17:34:44"}
{"level":"debug","message":"Making Stremio API request to /login","timestamp":"2025-01-24 17:35:07"}
{"level":"debug","message":"Making Stremio API request to /addonCollectionGet","timestamp":"2025-01-24 17:35:07"}
{"level":"error","message":"Error adding addon: Failed to fetch manifest: 404","stack":"Error: Failed to fetch manifest: 404\n    at /home/bb/Desktop/dark/stremioadmindark/app.js:534:19\n    at process.processTicksAndRejections (node:internal/process/task_queues:95:5)","timestamp":"2025-01-24 17:36:19"}
{"level":"debug","message":"Database updated successfully","timestamp":"2025-01-24 17:36:41"}
{"level":"debug","message":"Database updated successfully","timestamp":"2025-01-24 17:36:48"}
{"level":"debug","message":"Making Stremio API request to /login","timestamp":"2025-01-24 17:37:03"}
{"level":"debug","message":"Users database updated successfully","timestamp":"2025-01-24 17:37:03"}
{"level":"debug","message":"Making Stremio API request to /logout","timestamp":"2025-01-24 17:37:55"}
{"level":"info","message":"Server started on port 3001","timestamp":"2025-01-24 17:44:44"}
{"level":"debug","message":"Making Stremio API request to /login","timestamp":"2025-01-24 17:44:50"}
{"level":"debug","message":"Making Stremio API request to /addonCollectionGet","timestamp":"2025-01-24 17:44:50"}
{"level":"debug","message":"Making Stremio API request to /logout","timestamp":"2025-01-24 17:52:53"}
{"level":"debug","message":"Making Stremio API request to /login","timestamp":"2025-01-24 17:52:55"}
{"level":"debug","message":"Making Stremio API request to /addonCollectionGet","timestamp":"2025-01-24 17:52:55"}
{"level":"info","message":"Server started on port 3001","timestamp":"2025-01-24 17:53:06"}
{"level":"debug","message":"Making Stremio API request to /login","timestamp":"2025-01-24 17:53:11"}
{"level":"debug","message":"Making Stremio API request to /addonCollectionGet","timestamp":"2025-01-24 17:53:11"}
{"level":"error","message":"Error adding addon: Failed to fetch manifest: 404","stack":"Error: Failed to fetch manifest: 404\n    at /home/bb/Desktop/dark/stremioadmindark/app.js:258:19\n    at process.processTicksAndRejections (node:internal/process/task_queues:95:5)","timestamp":"2025-01-24 17:53:39"}
{"level":"debug","message":"Database updated successfully","timestamp":"2025-01-24 17:54:11"}
{"level":"debug","message":"Making Stremio API request to /addonCollectionGet","timestamp":"2025-01-24 17:54:11"}
{"level":"info","message":"Server started on port 3001","timestamp":"2025-01-24 18:04:42"}
{"level":"debug","message":"Making Stremio API request to /login","timestamp":"2025-01-24 18:05:08"}
{"level":"debug","message":"Making Stremio API request to /addonCollectionGet","timestamp":"2025-01-24 18:05:08"}
{"level":"info","message":"Server started on port 3001","timestamp":"2025-01-24 18:08:53"}
{"level":"debug","message":"Making Stremio API request to /login","timestamp":"2025-01-24 18:08:59"}
{"level":"debug","message":"Making Stremio API request to /addonCollectionGet","timestamp":"2025-01-24 18:08:59"}
{"level":"debug","message":"Database updated successfully","timestamp":"2025-01-24 18:10:43"}
{"level":"debug","message":"Making Stremio API request to /addonCollectionGet","timestamp":"2025-01-24 18:10:43"}
{"level":"debug","message":"Database updated successfully","timestamp":"2025-01-24 18:10:43"}
{"level":"debug","message":"Making Stremio API request to /addonCollectionGet","timestamp":"2025-01-24 18:10:43"}
{"level":"debug","message":"Database updated successfully","timestamp":"2025-01-24 18:10:53"}
{"level":"debug","message":"Making Stremio API request to /addonCollectionGet","timestamp":"2025-01-24 18:10:53"}
{"level":"debug","message":"Database updated successfully","timestamp":"2025-01-24 18:11:09"}
{"level":"debug","message":"Making Stremio API request to /addonCollectionGet","timestamp":"2025-01-24 18:11:09"}
{"level":"debug","message":"Making Stremio API request to /logout","timestamp":"2025-01-24 18:11:48"}
{"level":"debug","message":"Making Stremio API request to /login","timestamp":"2025-01-24 18:12:17"}
{"level":"debug","message":"Making Stremio API request to /addonCollectionGet","timestamp":"2025-01-24 18:12:17"}
{"level":"debug","message":"Making Stremio API request to /logout","timestamp":"2025-01-24 18:12:27"}
{"level":"info","message":"Server started on port 3001","timestamp":"2025-01-24 18:31:47"}
{"level":"debug","message":"Making Stremio API request to /login","timestamp":"2025-01-24 18:32:04"}
{"level":"debug","message":"Making Stremio API request to /addonCollectionGet","timestamp":"2025-01-24 18:32:04"}
{"level":"debug","message":"Database updated successfully","timestamp":"2025-01-24 18:32:31"}
{"level":"debug","message":"Making Stremio API request to /addonCollectionGet","timestamp":"2025-01-24 18:32:31"}
{"level":"debug","message":"Making Stremio API request to /logout","timestamp":"2025-01-24 18:32:41"}
{"level":"debug","message":"Making Stremio API request to /login","timestamp":"2025-01-24 18:32:43"}
{"level":"debug","message":"Making Stremio API request to /addonCollectionGet","timestamp":"2025-01-24 18:32:43"}
{"level":"debug","message":"Making Stremio API request to /logout","timestamp":"2025-01-24 18:33:09"}
{"level":"debug","message":"Making Stremio API request to /login","timestamp":"2025-01-24 18:33:31"}
{"level":"debug","message":"Making Stremio API request to /addonCollectionGet","timestamp":"2025-01-24 18:33:31"}
{"level":"info","message":"Server started on port 3001","timestamp":"2025-01-24 18:36:33"}
{"level":"debug","message":"Making Stremio API request to /login","timestamp":"2025-01-24 18:36:43"}
{"level":"debug","message":"Making Stremio API request to /addonCollectionGet","timestamp":"2025-01-24 18:36:43"}
{"level":"debug","message":"Making Stremio API request to /login","timestamp":"2025-01-24 18:37:15"}
{"level":"debug","message":"Making Stremio API request to /addonCollectionGet","timestamp":"2025-01-24 18:37:15"}
{"level":"debug","message":"Making Stremio API request to /logout","timestamp":"2025-01-24 18:39:24"}
{"level":"debug","message":"Making Stremio API request to /login","timestamp":"2025-01-24 18:39:40"}
{"level":"debug","message":"Making Stremio API request to /addonCollectionGet","timestamp":"2025-01-24 18:39:40"}
{"level":"info","message":"Server started on port 3001","timestamp":"2025-01-24 18:44:46"}
{"level":"debug","message":"Making Stremio API request to /login","timestamp":"2025-01-24 18:45:11"}
{"level":"debug","message":"Making Stremio API request to /addonCollectionGet","timestamp":"2025-01-24 18:45:11"}
{"level":"info","message":"Server started on port 3001","timestamp":"2025-01-24 18:48:05"}
{"level":"debug","message":"Making Stremio API request to /login","timestamp":"2025-01-24 18:48:17"}
{"level":"debug","message":"Making Stremio API request to /addonCollectionGet","timestamp":"2025-01-24 18:48:17"}
{"level":"debug","message":"Making Stremio API request to /addonCollectionGet","timestamp":"2025-01-24 18:48:17"}
{"level":"info","message":"Server started on port 3001","timestamp":"2025-01-24 18:51:30"}
{"level":"debug","message":"Making Stremio API request to /login","timestamp":"2025-01-24 18:51:44"}
{"level":"debug","message":"Making Stremio API request to /addonCollectionGet","timestamp":"2025-01-24 18:51:44"}
{"level":"debug","message":"Database updated successfully","timestamp":"2025-01-24 18:51:44"}
{"level":"debug","message":"Retrieved 11 total addons from Stremio","timestamp":"2025-01-24 18:51:44"}
{"level":"debug","message":"Stored 8 non-official addons","timestamp":"2025-01-24 18:51:44"}
{"level":"debug","message":"Making Stremio API request to /login","timestamp":"2025-01-24 18:51:56"}
{"level":"debug","message":"Users database updated successfully","timestamp":"2025-01-24 18:51:56"}
{"email":"greg@greg.com","level":"debug","message":"Starting user sync","timestamp":"2025-01-24 18:51:59"}
{"level":"debug","message":"Making Stremio API request to /login","timestamp":"2025-01-24 18:51:59"}
{"level":"debug","message":"Making Stremio API request to /addonCollectionSet","timestamp":"2025-01-24 18:51:59"}
{"level":"debug","message":"Users database updated successfully","timestamp":"2025-01-24 18:52:00"}
{"level":"debug","message":"Making Stremio API request to /logout","timestamp":"2025-01-24 18:52:00"}
{"level":"debug","message":"Making Stremio API request to /logout","timestamp":"2025-01-24 18:54:58"}
{"level":"debug","message":"Making Stremio API request to /login","timestamp":"2025-01-24 18:55:07"}
{"level":"debug","message":"Making Stremio API request to /addonCollectionGet","timestamp":"2025-01-24 18:55:07"}
{"level":"debug","message":"Database updated successfully","timestamp":"2025-01-24 18:55:07"}
{"level":"debug","message":"Retrieved 3 total addons from Stremio","timestamp":"2025-01-24 18:55:07"}
{"level":"debug","message":"Stored 0 non-official addons","timestamp":"2025-01-24 18:55:07"}
{"level":"debug","message":"Database updated successfully","timestamp":"2025-01-24 18:55:35"}
{"level":"debug","message":"Making Stremio API request to /addonCollectionGet","timestamp":"2025-01-24 18:55:35"}
{"level":"debug","message":"Database updated successfully","timestamp":"2025-01-24 18:55:37"}
{"level":"debug","message":"Retrieved 3 total addons from Stremio","timestamp":"2025-01-24 18:55:37"}
{"level":"debug","message":"Stored 0 non-official addons","timestamp":"2025-01-24 18:55:37"}
{"level":"debug","message":"Database updated successfully","timestamp":"2025-01-24 18:56:01"}
{"level":"debug","message":"Making Stremio API request to /addonCollectionGet","timestamp":"2025-01-24 18:56:01"}
{"level":"debug","message":"Database updated successfully","timestamp":"2025-01-24 18:56:05"}
{"level":"debug","message":"Retrieved 3 total addons from Stremio","timestamp":"2025-01-24 18:56:05"}
{"level":"debug","message":"Stored 0 non-official addons","timestamp":"2025-01-24 18:56:05"}
{"level":"debug","message":"Making Stremio API request to /logout","timestamp":"2025-01-24 18:56:13"}
{"level":"debug","message":"Making Stremio API request to /login","timestamp":"2025-01-24 18:56:14"}
{"level":"debug","message":"Making Stremio API request to /addonCollectionGet","timestamp":"2025-01-24 18:56:15"}
{"level":"debug","message":"Database updated successfully","timestamp":"2025-01-24 18:56:15"}
{"level":"debug","message":"Retrieved 3 total addons from Stremio","timestamp":"2025-01-24 18:56:15"}
{"level":"debug","message":"Stored 0 non-official addons","timestamp":"2025-01-24 18:56:15"}
{"level":"debug","message":"Making Stremio API request to /logout","timestamp":"2025-01-24 18:56:42"}
{"level":"debug","message":"Making Stremio API request to /login","timestamp":"2025-01-24 18:56:51"}
{"level":"debug","message":"Making Stremio API request to /addonCollectionGet","timestamp":"2025-01-24 18:56:51"}
{"level":"debug","message":"Database updated successfully","timestamp":"2025-01-24 18:56:52"}
{"level":"debug","message":"Retrieved 4 total addons from Stremio","timestamp":"2025-01-24 18:56:52"}
{"level":"debug","message":"Stored 1 non-official addons","timestamp":"2025-01-24 18:56:52"}
{"level":"debug","message":"Database updated successfully","timestamp":"2025-01-24 18:57:16"}
{"level":"debug","message":"Making Stremio API request to /addonCollectionGet","timestamp":"2025-01-24 18:57:16"}
{"level":"debug","message":"Database updated successfully","timestamp":"2025-01-24 18:57:18"}
{"level":"debug","message":"Retrieved 4 total addons from Stremio","timestamp":"2025-01-24 18:57:18"}
{"level":"debug","message":"Stored 1 non-official addons","timestamp":"2025-01-24 18:57:18"}
{"level":"info","message":"Server started on port 3001","timestamp":"2025-01-24 19:21:40"}
{"level":"debug","message":"Making Stremio API request to /login","timestamp":"2025-01-24 19:21:58"}
{"level":"debug","message":"Making Stremio API request to /addonCollectionGet","timestamp":"2025-01-24 19:21:58"}
{"level":"debug","message":"Database updated successfully","timestamp":"2025-01-24 19:21:58"}
{"level":"debug","message":"Retrieved 3 total addons from Stremio","timestamp":"2025-01-24 19:21:58"}
{"level":"debug","message":"Stored 0 non-official addons","timestamp":"2025-01-24 19:21:58"}
{"level":"debug","message":"Making Stremio API request to /addonCollectionSet","timestamp":"2025-01-24 19:22:11"}
{"level":"error","message":"Error adding addon: Cannot read properties of undefined (reading 'find')","stack":"TypeError: Cannot read properties of undefined (reading 'find')\n    at /home/bb/Desktop/dark/stremioadmindark/app.js:335:33","timestamp":"2025-01-24 19:22:11"}
{"level":"debug","message":"Making Stremio API request to /login","timestamp":"2025-01-24 19:22:41"}
{"level":"debug","message":"Making Stremio API request to /addonCollectionGet","timestamp":"2025-01-24 19:22:41"}
{"level":"debug","message":"Database updated successfully","timestamp":"2025-01-24 19:22:42"}
{"level":"debug","message":"Retrieved 0 total addons from Stremio","timestamp":"2025-01-24 19:22:42"}
{"level":"debug","message":"Stored 0 non-official addons","timestamp":"2025-01-24 19:22:42"}
{"level":"debug","message":"Database updated successfully","timestamp":"2025-01-24 19:23:46"}
{"level":"debug","message":"Retrieved 0 total addons from Stremio","timestamp":"2025-01-24 19:23:46"}
{"level":"debug","message":"Stored 0 non-official addons","timestamp":"2025-01-24 19:23:46"}
{"level":"debug","message":"Making Stremio API request to /addonCollectionSet","timestamp":"2025-01-24 19:23:46"}
{"level":"debug","message":"Database updated successfully","timestamp":"2025-01-24 19:23:46"}
{"level":"debug","message":"Database updated successfully","timestamp":"2025-01-24 19:23:48"}
{"level":"debug","message":"Retrieved 1 total addons from Stremio","timestamp":"2025-01-24 19:23:48"}
{"level":"debug","message":"Stored 1 non-official addons","timestamp":"2025-01-24 19:23:48"}
{"level":"debug","message":"Making Stremio API request to /login","timestamp":"2025-01-24 19:24:09"}
{"level":"debug","message":"Users database updated successfully","timestamp":"2025-01-24 19:24:09"}
{"level":"info","message":"Server started on port 3001","timestamp":"2025-01-24 19:49:51"}
{"level":"debug","message":"Making Stremio API request to /login","timestamp":"2025-01-24 19:49:59"}
{"level":"debug","message":"Making Stremio API request to /addonCollectionGet","timestamp":"2025-01-24 19:49:59"}
{"level":"debug","message":"Database updated successfully","timestamp":"2025-01-24 19:49:59"}
{"level":"debug","message":"Retrieved 1 total addons from Stremio","timestamp":"2025-01-24 19:49:59"}
{"level":"debug","message":"Stored 1 non-official addons","timestamp":"2025-01-24 19:49:59"}
{"email":"greg@greg2.com","level":"debug","message":"Starting user sync","timestamp":"2025-01-24 19:50:26"}
{"level":"debug","message":"Making Stremio API request to /login","timestamp":"2025-01-24 19:50:26"}
{"level":"debug","message":"Making Stremio API request to /addonCollectionSet","timestamp":"2025-01-24 19:50:26"}
{"level":"debug","message":"Users database updated successfully","timestamp":"2025-01-24 19:50:26"}
{"level":"debug","message":"Making Stremio API request to /logout","timestamp":"2025-01-24 19:50:26"}
{"level":"debug","message":"Database updated successfully","timestamp":"2025-01-24 19:55:18"}
{"level":"debug","message":"Making Stremio API request to /addonCollectionGet","timestamp":"2025-01-24 19:55:18"}
{"level":"debug","message":"Database updated successfully","timestamp":"2025-01-24 19:55:20"}
{"level":"debug","message":"Retrieved 1 total addons from Stremio","timestamp":"2025-01-24 19:55:20"}
{"level":"debug","message":"Stored 1 non-official addons","timestamp":"2025-01-24 19:55:20"}
{"level":"debug","message":"Database updated successfully","timestamp":"2025-01-24 19:55:31"}
{"level":"debug","message":"Making Stremio API request to /addonCollectionGet","timestamp":"2025-01-24 19:55:31"}
{"level":"debug","message":"Database updated successfully","timestamp":"2025-01-24 19:55:33"}
{"level":"debug","message":"Retrieved 1 total addons from Stremio","timestamp":"2025-01-24 19:55:33"}
{"level":"debug","message":"Stored 1 non-official addons","timestamp":"2025-01-24 19:55:33"}
{"level":"debug","message":"Database updated successfully","timestamp":"2025-01-24 19:55:39"}
{"level":"debug","message":"Making Stremio API request to /addonCollectionGet","timestamp":"2025-01-24 19:55:39"}
{"level":"debug","message":"Database updated successfully","timestamp":"2025-01-24 19:55:41"}
{"level":"debug","message":"Retrieved 1 total addons from Stremio","timestamp":"2025-01-24 19:55:41"}
{"level":"debug","message":"Stored 1 non-official addons","timestamp":"2025-01-24 19:55:41"}
{"email":"greg@greg2.com","level":"debug","message":"Starting user sync","timestamp":"2025-01-24 19:55:44"}
{"level":"debug","message":"Making Stremio API request to /login","timestamp":"2025-01-24 19:55:44"}
{"level":"debug","message":"Making Stremio API request to /addonCollectionSet","timestamp":"2025-01-24 19:55:44"}
{"level":"debug","message":"Users database updated successfully","timestamp":"2025-01-24 19:55:44"}
{"level":"debug","message":"Making Stremio API request to /logout","timestamp":"2025-01-24 19:55:44"}
{"level":"debug","message":"Users database updated successfully","timestamp":"2025-01-24 20:05:58"}
{"level":"debug","message":"Database updated successfully","timestamp":"2025-01-24 20:06:14"}
{"level":"debug","message":"Making Stremio API request to /addonCollectionGet","timestamp":"2025-01-24 20:06:14"}
{"level":"debug","message":"Database updated successfully","timestamp":"2025-01-24 20:06:16"}
{"level":"debug","message":"Retrieved 0 total addons from Stremio","timestamp":"2025-01-24 20:06:16"}
{"level":"debug","message":"Stored 0 non-official addons","timestamp":"2025-01-24 20:06:16"}
{"level":"info","message":"Server started on port 3001","timestamp":"2025-01-24 20:11:11"}
{"level":"debug","message":"Making Stremio API request to /login","timestamp":"2025-01-24 20:11:38"}
{"level":"debug","message":"Making Stremio API request to /addonCollectionGet","timestamp":"2025-01-24 20:11:38"}
{"level":"debug","message":"Database updated successfully","timestamp":"2025-01-24 20:11:38"}
{"level":"debug","message":"Retrieved 3 total addons from Stremio","timestamp":"2025-01-24 20:11:38"}
{"level":"debug","message":"Stored 0 non-official addons","timestamp":"2025-01-24 20:11:38"}
{"level":"debug","message":"Database updated successfully","timestamp":"2025-01-24 20:11:50"}
{"level":"debug","message":"Retrieved 3 total addons from Stremio","timestamp":"2025-01-24 20:11:50"}
{"level":"debug","message":"Stored 0 non-official addons","timestamp":"2025-01-24 20:11:50"}
{"level":"debug","message":"Making Stremio API request to /addonCollectionGet","timestamp":"2025-01-24 20:11:50"}
{"level":"debug","message":"Making Stremio API request to /addonCollectionSet","timestamp":"2025-01-24 20:11:50"}
{"level":"debug","message":"Database updated successfully","timestamp":"2025-01-24 20:11:50"}
{"level":"debug","message":"Database updated successfully","timestamp":"2025-01-24 20:11:52"}
{"level":"debug","message":"Retrieved 1 total addons from Stremio","timestamp":"2025-01-24 20:11:52"}
{"level":"debug","message":"Stored 1 non-official addons","timestamp":"2025-01-24 20:11:52"}
{"level":"debug","message":"Making Stremio API request to /logout","timestamp":"2025-01-24 20:13:13"}
{"level":"debug","message":"Making Stremio API request to /login","timestamp":"2025-01-24 20:13:20"}
{"level":"debug","message":"Making Stremio API request to /addonCollectionGet","timestamp":"2025-01-24 20:13:20"}
{"level":"debug","message":"Database updated successfully","timestamp":"2025-01-24 20:13:20"}
{"level":"debug","message":"Retrieved 3 total addons from Stremio","timestamp":"2025-01-24 20:13:20"}
{"level":"debug","message":"Stored 0 non-official addons","timestamp":"2025-01-24 20:13:20"}
{"level":"debug","message":"Making Stremio API request to /login","timestamp":"2025-01-24 20:13:28"}
{"level":"debug","message":"Users database updated successfully","timestamp":"2025-01-24 20:13:28"}
{"level":"debug","message":"Making Stremio API request to /login","timestamp":"2025-01-24 20:13:37"}
{"level":"debug","message":"Users database updated successfully","timestamp":"2025-01-24 20:13:37"}
{"level":"debug","message":"Making Stremio API request to /login","timestamp":"2025-01-24 20:13:48"}
{"level":"debug","message":"Users database updated successfully","timestamp":"2025-01-24 20:13:48"}
{"email":"greg@greg.com","level":"debug","message":"Starting user sync","timestamp":"2025-01-24 20:13:51"}
{"level":"debug","message":"Making Stremio API request to /login","timestamp":"2025-01-24 20:13:51"}
{"level":"debug","message":"Making Stremio API request to /addonCollectionSet","timestamp":"2025-01-24 20:13:51"}
{"level":"debug","message":"Users database updated successfully","timestamp":"2025-01-24 20:13:51"}
{"level":"debug","message":"Making Stremio API request to /logout","timestamp":"2025-01-24 20:13:51"}
{"email":"greg@greg2.com","level":"debug","message":"Starting user sync","timestamp":"2025-01-24 20:13:55"}
{"level":"debug","message":"Making Stremio API request to /login","timestamp":"2025-01-24 20:13:55"}
{"level":"debug","message":"Making Stremio API request to /addonCollectionSet","timestamp":"2025-01-24 20:13:55"}
{"level":"debug","message":"Users database updated successfully","timestamp":"2025-01-24 20:13:55"}
{"level":"debug","message":"Making Stremio API request to /logout","timestamp":"2025-01-24 20:13:55"}
{"email":"greg@greg3.com","level":"debug","message":"Starting user sync","timestamp":"2025-01-24 20:13:56"}
{"level":"debug","message":"Making Stremio API request to /login","timestamp":"2025-01-24 20:13:56"}
{"level":"debug","message":"Making Stremio API request to /addonCollectionSet","timestamp":"2025-01-24 20:13:56"}
{"level":"debug","message":"Users database updated successfully","timestamp":"2025-01-24 20:13:56"}
{"level":"debug","message":"Making Stremio API request to /logout","timestamp":"2025-01-24 20:13:56"}
{"level":"info","message":"Server started on port 3001","timestamp":"2025-01-24 20:16:01"}
{"level":"debug","message":"Making Stremio API request to /login","timestamp":"2025-01-24 20:16:16"}
{"level":"debug","message":"Making Stremio API request to /addonCollectionGet","timestamp":"2025-01-24 20:16:17"}
{"level":"debug","message":"Database updated successfully","timestamp":"2025-01-24 20:16:18"}
{"level":"debug","message":"Retrieved 3 total addons from Stremio","timestamp":"2025-01-24 20:16:18"}
{"level":"debug","message":"Stored 0 non-official addons","timestamp":"2025-01-24 20:16:18"}
{"level":"debug","message":"Database updated successfully","timestamp":"2025-01-24 20:16:30"}
{"level":"debug","message":"Retrieved 3 total addons from Stremio","timestamp":"2025-01-24 20:16:30"}
{"level":"debug","message":"Stored 0 non-official addons","timestamp":"2025-01-24 20:16:30"}
{"level":"debug","message":"Making Stremio API request to /addonCollectionGet","timestamp":"2025-01-24 20:16:30"}
{"level":"debug","message":"Database updated successfully","timestamp":"2025-01-24 20:16:30"}
{"level":"debug","message":"Retrieved 3 total addons from Stremio","timestamp":"2025-01-24 20:16:30"}
{"level":"debug","message":"Stored 0 non-official addons","timestamp":"2025-01-24 20:16:30"}
{"level":"debug","message":"Database updated successfully","timestamp":"2025-01-24 20:16:30"}
{"level":"debug","message":"Retrieved 3 total addons from Stremio","timestamp":"2025-01-24 20:16:30"}
{"level":"debug","message":"Stored 0 non-official addons","timestamp":"2025-01-24 20:16:30"}
{"level":"debug","message":"Database updated successfully","timestamp":"2025-01-24 20:16:30"}
{"level":"debug","message":"Retrieved 3 total addons from Stremio","timestamp":"2025-01-24 20:16:30"}
{"level":"debug","message":"Stored 0 non-official addons","timestamp":"2025-01-24 20:16:30"}
{"level":"debug","message":"Making Stremio API request to /addonCollectionGet","timestamp":"2025-01-24 20:16:30"}
{"level":"debug","message":"Making Stremio API request to /addonCollectionGet","timestamp":"2025-01-24 20:16:30"}
{"level":"debug","message":"Making Stremio API request to /addonCollectionGet","timestamp":"2025-01-24 20:16:30"}
{"level":"debug","message":"Making Stremio API request to /addonCollectionSet","timestamp":"2025-01-24 20:16:30"}
{"level":"debug","message":"Making Stremio API request to /addonCollectionSet","timestamp":"2025-01-24 20:16:30"}
{"level":"debug","message":"Making Stremio API request to /addonCollectionSet","timestamp":"2025-01-24 20:16:30"}
{"level":"debug","message":"Making Stremio API request to /addonCollectionSet","timestamp":"2025-01-24 20:16:30"}
{"level":"debug","message":"Database updated successfully","timestamp":"2025-01-24 20:16:30"}
{"level":"debug","message":"Retrieved 3 total addons from Stremio","timestamp":"2025-01-24 20:16:30"}
{"level":"debug","message":"Stored 0 non-official addons","timestamp":"2025-01-24 20:16:30"}
{"level":"debug","message":"Making Stremio API request to /addonCollectionGet","timestamp":"2025-01-24 20:16:30"}
{"level":"debug","message":"Database updated successfully","timestamp":"2025-01-24 20:16:30"}
{"level":"debug","message":"Database updated successfully","timestamp":"2025-01-24 20:16:30"}
{"level":"debug","message":"Database updated successfully","timestamp":"2025-01-24 20:16:30"}
{"level":"debug","message":"Database updated successfully","timestamp":"2025-01-24 20:16:30"}
{"level":"debug","message":"Making Stremio API request to /addonCollectionSet","timestamp":"2025-01-24 20:16:30"}
{"level":"debug","message":"Database updated successfully","timestamp":"2025-01-24 20:16:30"}
{"level":"debug","message":"Database updated successfully","timestamp":"2025-01-24 20:16:32"}
{"level":"debug","message":"Retrieved 1 total addons from Stremio","timestamp":"2025-01-24 20:16:32"}
{"level":"debug","message":"Stored 1 non-official addons","timestamp":"2025-01-24 20:16:32"}
{"level":"debug","message":"Database updated successfully","timestamp":"2025-01-24 20:16:33"}
{"level":"debug","message":"Retrieved 1 total addons from Stremio","timestamp":"2025-01-24 20:16:33"}
{"level":"debug","message":"Stored 1 non-official addons","timestamp":"2025-01-24 20:16:33"}
{"level":"debug","message":"Database updated successfully","timestamp":"2025-01-24 20:16:35"}
{"level":"debug","message":"Retrieved 1 total addons from Stremio","timestamp":"2025-01-24 20:16:35"}
{"level":"debug","message":"Stored 1 non-official addons","timestamp":"2025-01-24 20:16:35"}
{"level":"debug","message":"Database updated successfully","timestamp":"2025-01-24 20:16:35"}
{"level":"debug","message":"Retrieved 1 total addons from Stremio","timestamp":"2025-01-24 20:16:35"}
{"level":"debug","message":"Stored 1 non-official addons","timestamp":"2025-01-24 20:16:35"}
{"level":"debug","message":"Database updated successfully","timestamp":"2025-01-24 20:16:36"}
{"level":"debug","message":"Retrieved 1 total addons from Stremio","timestamp":"2025-01-24 20:16:36"}
{"level":"debug","message":"Stored 1 non-official addons","timestamp":"2025-01-24 20:16:36"}
{"level":"debug","message":"Making Stremio API request to /addonCollectionGet","timestamp":"2025-01-24 20:22:02"}
{"level":"debug","message":"Making Stremio API request to /addonCollectionSet","timestamp":"2025-01-24 20:22:02"}
{"level":"debug","message":"Database updated successfully","timestamp":"2025-01-24 20:22:02"}
{"level":"debug","message":"Making Stremio API request to /addonCollectionGet","timestamp":"2025-01-24 20:22:20"}
{"level":"debug","message":"Making Stremio API request to /addonCollectionSet","timestamp":"2025-01-24 20:22:20"}
{"level":"debug","message":"Database updated successfully","timestamp":"2025-01-24 20:22:21"}
{"level":"debug","message":"Making Stremio API request to /logout","timestamp":"2025-01-24 20:24:46"}
{"level":"debug","message":"Making Stremio API request to /login","timestamp":"2025-01-24 20:24:49"}
{"level":"debug","message":"Making Stremio API request to /addonCollectionGet","timestamp":"2025-01-24 20:24:49"}
{"level":"debug","message":"Database updated successfully","timestamp":"2025-01-24 20:24:49"}
{"level":"debug","message":"Retrieved 1 total addons from Stremio","timestamp":"2025-01-24 20:24:49"}
{"level":"debug","message":"Stored 1 non-official addons","timestamp":"2025-01-24 20:24:49"}
{"level":"debug","message":"Making Stremio API request to /logout","timestamp":"2025-01-24 20:25:29"}
{"level":"debug","message":"Making Stremio API request to /login","timestamp":"2025-01-24 20:25:36"}
{"level":"debug","message":"Making Stremio API request to /addonCollectionGet","timestamp":"2025-01-24 20:25:36"}
{"level":"debug","message":"Database updated successfully","timestamp":"2025-01-24 20:25:37"}
{"level":"debug","message":"Retrieved 3 total addons from Stremio","timestamp":"2025-01-24 20:25:37"}
{"level":"debug","message":"Stored 0 non-official addons","timestamp":"2025-01-24 20:25:37"}
{"level":"debug","message":"Making Stremio API request to /login","timestamp":"2025-01-24 20:25:58"}
{"level":"debug","message":"Users database updated successfully","timestamp":"2025-01-24 20:25:58"}
{"email":"greg@greg.com","level":"debug","message":"Starting user sync","timestamp":"2025-01-24 20:26:01"}
{"level":"debug","message":"Making Stremio API request to /login","timestamp":"2025-01-24 20:26:01"}
{"level":"debug","message":"Making Stremio API request to /addonCollectionSet","timestamp":"2025-01-24 20:26:01"}
{"level":"debug","message":"Users database updated successfully","timestamp":"2025-01-24 20:26:01"}
{"level":"debug","message":"Making Stremio API request to /logout","timestamp":"2025-01-24 20:26:01"}
{"level":"debug","message":"Database updated successfully","timestamp":"2025-01-24 20:26:45"}
{"level":"debug","message":"Retrieved 3 total addons from Stremio","timestamp":"2025-01-24 20:26:45"}
{"level":"debug","message":"Stored 0 non-official addons","timestamp":"2025-01-24 20:26:45"}
{"level":"debug","message":"Making Stremio API request to /addonCollectionGet","timestamp":"2025-01-24 20:26:45"}
{"level":"debug","message":"Making Stremio API request to /addonCollectionSet","timestamp":"2025-01-24 20:26:45"}
{"level":"debug","message":"Database updated successfully","timestamp":"2025-01-24 20:26:45"}
{"level":"debug","message":"Database updated successfully","timestamp":"2025-01-24 20:26:47"}
{"level":"debug","message":"Retrieved 1 total addons from Stremio","timestamp":"2025-01-24 20:26:47"}
{"level":"debug","message":"Stored 1 non-official addons","timestamp":"2025-01-24 20:26:47"}
{"level":"debug","message":"Making Stremio API request to /logout","timestamp":"2025-01-24 20:27:02"}
{"level":"debug","message":"Making Stremio API request to /login","timestamp":"2025-01-24 20:27:11"}
{"level":"debug","message":"Making Stremio API request to /addonCollectionGet","timestamp":"2025-01-24 20:27:11"}
{"level":"debug","message":"Database updated successfully","timestamp":"2025-01-24 20:27:11"}
{"level":"debug","message":"Retrieved 3 total addons from Stremio","timestamp":"2025-01-24 20:27:11"}
{"level":"debug","message":"Stored 0 non-official addons","timestamp":"2025-01-24 20:27:11"}
{"level":"debug","message":"Database updated successfully","timestamp":"2025-01-24 20:27:22"}
{"level":"debug","message":"Retrieved 3 total addons from Stremio","timestamp":"2025-01-24 20:27:22"}
{"level":"debug","message":"Stored 0 non-official addons","timestamp":"2025-01-24 20:27:22"}
{"level":"debug","message":"Making Stremio API request to /addonCollectionGet","timestamp":"2025-01-24 20:27:22"}
{"level":"debug","message":"Making Stremio API request to /addonCollectionSet","timestamp":"2025-01-24 20:27:22"}
{"level":"debug","message":"Database updated successfully","timestamp":"2025-01-24 20:27:22"}
{"level":"debug","message":"Database updated successfully","timestamp":"2025-01-24 20:27:24"}
{"level":"debug","message":"Retrieved 1 total addons from Stremio","timestamp":"2025-01-24 20:27:24"}
{"level":"debug","message":"Stored 1 non-official addons","timestamp":"2025-01-24 20:27:24"}
{"level":"debug","message":"Database updated successfully","timestamp":"2025-01-24 20:28:17"}
{"level":"debug","message":"Retrieved 1 total addons from Stremio","timestamp":"2025-01-24 20:28:17"}
{"level":"debug","message":"Stored 1 non-official addons","timestamp":"2025-01-24 20:28:17"}
{"level":"debug","message":"Making Stremio API request to /addonCollectionGet","timestamp":"2025-01-24 20:28:17"}
{"level":"debug","message":"Making Stremio API request to /addonCollectionSet","timestamp":"2025-01-24 20:28:17"}
{"level":"debug","message":"Database updated successfully","timestamp":"2025-01-24 20:28:17"}
{"level":"debug","message":"Database updated successfully","timestamp":"2025-01-24 20:28:19"}
{"level":"debug","message":"Retrieved 1 total addons from Stremio","timestamp":"2025-01-24 20:28:19"}
{"level":"debug","message":"Stored 1 non-official addons","timestamp":"2025-01-24 20:28:19"}
{"level":"debug","message":"Database updated successfully","timestamp":"2025-01-24 20:30:00"}
{"level":"debug","message":"Retrieved 1 total addons from Stremio","timestamp":"2025-01-24 20:30:00"}
{"level":"debug","message":"Stored 1 non-official addons","timestamp":"2025-01-24 20:30:00"}
{"level":"debug","message":"Making Stremio API request to /addonCollectionGet","timestamp":"2025-01-24 20:30:00"}
{"level":"debug","message":"Making Stremio API request to /addonCollectionSet","timestamp":"2025-01-24 20:30:00"}
{"level":"debug","message":"Database updated successfully","timestamp":"2025-01-24 20:30:01"}
{"level":"debug","message":"Database updated successfully","timestamp":"2025-01-24 20:30:03"}
{"level":"debug","message":"Retrieved 1 total addons from Stremio","timestamp":"2025-01-24 20:30:03"}
{"level":"debug","message":"Stored 1 non-official addons","timestamp":"2025-01-24 20:30:03"}
{"level":"debug","message":"Making Stremio API request to /logout","timestamp":"2025-01-24 20:42:52"}
{"level":"debug","message":"Making Stremio API request to /login","timestamp":"2025-01-24 20:43:01"}
{"level":"debug","message":"Making Stremio API request to /addonCollectionGet","timestamp":"2025-01-24 20:43:01"}
{"level":"debug","message":"Database updated successfully","timestamp":"2025-01-24 20:43:01"}
{"level":"debug","message":"Retrieved 3 total addons from Stremio","timestamp":"2025-01-24 20:43:01"}
{"level":"debug","message":"Stored 0 non-official addons","timestamp":"2025-01-24 20:43:01"}
{"email":"greg@greg.com","level":"debug","message":"Starting user sync","timestamp":"2025-01-24 20:43:10"}
{"level":"debug","message":"Making Stremio API request to /login","timestamp":"2025-01-24 20:43:10"}
{"level":"debug","message":"Making Stremio API request to /addonCollectionSet","timestamp":"2025-01-24 20:43:10"}
{"level":"debug","message":"Users database updated successfully","timestamp":"2025-01-24 20:43:10"}
{"level":"debug","message":"Making Stremio API request to /logout","timestamp":"2025-01-24 20:43:10"}
{"email":"greg@greg2.com","level":"debug","message":"Starting user sync","timestamp":"2025-01-24 20:43:12"}
{"level":"debug","message":"Making Stremio API request to /login","timestamp":"2025-01-24 20:43:12"}
{"level":"debug","message":"Making Stremio API request to /addonCollectionSet","timestamp":"2025-01-24 20:43:12"}
{"level":"debug","message":"Users database updated successfully","timestamp":"2025-01-24 20:43:12"}
{"level":"debug","message":"Making Stremio API request to /logout","timestamp":"2025-01-24 20:43:12"}
{"email":"greg@greg3.com","level":"debug","message":"Starting user sync","timestamp":"2025-01-24 20:43:14"}
{"level":"debug","message":"Making Stremio API request to /login","timestamp":"2025-01-24 20:43:14"}
{"level":"debug","message":"Making Stremio API request to /addonCollectionSet","timestamp":"2025-01-24 20:43:14"}
{"level":"debug","message":"Users database updated successfully","timestamp":"2025-01-24 20:43:14"}
{"level":"debug","message":"Making Stremio API request to /logout","timestamp":"2025-01-24 20:43:14"}
{"level":"info","message":"Server started on port 3001","timestamp":"2025-01-24 20:55:32"}
{"level":"debug","message":"Making Stremio API request to /login","timestamp":"2025-01-24 20:55:47"}
{"level":"debug","message":"Making Stremio API request to /addonCollectionGet","timestamp":"2025-01-24 20:55:47"}
{"level":"debug","message":"Database updated successfully","timestamp":"2025-01-24 20:55:47"}
{"level":"debug","message":"Retrieved 5 total addons from Stremio","timestamp":"2025-01-24 20:55:47"}
{"level":"debug","message":"Stored 2 non-official addons","timestamp":"2025-01-24 20:55:47"}
{"level":"debug","message":"Database updated successfully","timestamp":"2025-01-24 20:55:58"}
{"level":"debug","message":"Making Stremio API request to /addonCollectionGet","timestamp":"2025-01-24 20:55:58"}
{"level":"debug","message":"Database updated successfully","timestamp":"2025-01-24 20:56:00"}
{"level":"debug","message":"Retrieved 5 total addons from Stremio","timestamp":"2025-01-24 20:56:00"}
{"level":"debug","message":"Stored 2 non-official addons","timestamp":"2025-01-24 20:56:00"}
{"level":"debug","message":"Database updated successfully","timestamp":"2025-01-24 20:56:09"}
{"level":"debug","message":"Retrieved 5 total addons from Stremio","timestamp":"2025-01-24 20:56:09"}
{"level":"debug","message":"Stored 2 non-official addons","timestamp":"2025-01-24 20:56:09"}
{"level":"debug","message":"Database updated successfully","timestamp":"2025-01-24 20:56:16"}
{"level":"debug","message":"Making Stremio API request to /addonCollectionGet","timestamp":"2025-01-24 20:56:16"}
{"level":"debug","message":"Database updated successfully","timestamp":"2025-01-24 20:56:18"}
{"level":"debug","message":"Retrieved 5 total addons from Stremio","timestamp":"2025-01-24 20:56:18"}
{"level":"debug","message":"Stored 2 non-official addons","timestamp":"2025-01-24 20:56:18"}
{"level":"debug","message":"Making Stremio API request to /logout","timestamp":"2025-01-24 20:56:56"}
{"level":"debug","message":"Making Stremio API request to /login","timestamp":"2025-01-24 20:56:57"}
{"level":"debug","message":"Making Stremio API request to /addonCollectionGet","timestamp":"2025-01-24 20:56:58"}
{"level":"debug","message":"Database updated successfully","timestamp":"2025-01-24 20:56:58"}
{"level":"debug","message":"Retrieved 4 total addons from Stremio","timestamp":"2025-01-24 20:56:58"}
{"level":"debug","message":"Stored 1 non-official addons","timestamp":"2025-01-24 20:56:58"}
{"level":"debug","message":"Database updated successfully","timestamp":"2025-01-24 20:57:03"}
{"level":"debug","message":"Retrieved 4 total addons from Stremio","timestamp":"2025-01-24 20:57:03"}
{"level":"debug","message":"Stored 1 non-official addons","timestamp":"2025-01-24 20:57:03"}
{"level":"debug","message":"Making Stremio API request to /addonCollectionGet","timestamp":"2025-01-24 20:57:03"}
{"level":"debug","message":"Making Stremio API request to /addonCollectionSet","timestamp":"2025-01-24 20:57:03"}
{"level":"debug","message":"Database updated successfully","timestamp":"2025-01-24 20:57:03"}
{"level":"debug","message":"Database updated successfully","timestamp":"2025-01-24 20:57:05"}
{"level":"debug","message":"Retrieved 1 total addons from Stremio","timestamp":"2025-01-24 20:57:05"}
{"level":"debug","message":"Stored 1 non-official addons","timestamp":"2025-01-24 20:57:05"}
{"level":"debug","message":"Database updated successfully","timestamp":"2025-01-24 21:00:08"}
{"level":"debug","message":"Retrieved 1 total addons from Stremio","timestamp":"2025-01-24 21:00:08"}
{"level":"debug","message":"Stored 1 non-official addons","timestamp":"2025-01-24 21:00:08"}
{"level":"debug","message":"Making Stremio API request to /addonCollectionGet","timestamp":"2025-01-24 21:00:09"}
{"level":"debug","message":"Making Stremio API request to /addonCollectionSet","timestamp":"2025-01-24 21:00:09"}
{"level":"debug","message":"Database updated successfully","timestamp":"2025-01-24 21:00:09"}
{"level":"debug","message":"Database updated successfully","timestamp":"2025-01-24 21:00:11"}
{"level":"debug","message":"Retrieved 1 total addons from Stremio","timestamp":"2025-01-24 21:00:11"}
{"level":"debug","message":"Stored 1 non-official addons","timestamp":"2025-01-24 21:00:11"}
{"level":"debug","message":"Making Stremio API request to /addonCollectionGet","timestamp":"2025-01-24 21:01:45"}
{"level":"debug","message":"Making Stremio API request to /addonCollectionSet","timestamp":"2025-01-24 21:01:45"}
{"level":"debug","message":"Database updated successfully","timestamp":"2025-01-24 21:01:45"}
{"level":"debug","message":"Database updated successfully","timestamp":"2025-01-24 21:01:47"}
{"level":"debug","message":"Retrieved 1 total addons from Stremio","timestamp":"2025-01-24 21:01:47"}
{"level":"debug","message":"Stored 1 non-official addons","timestamp":"2025-01-24 21:01:47"}
{"level":"info","message":"Server started on port 3001","timestamp":"2025-01-24 21:03:35"}
{"level":"debug","message":"Making Stremio API request to /login","timestamp":"2025-01-24 21:03:45"}
{"level":"debug","message":"Making Stremio API request to /addonCollectionGet","timestamp":"2025-01-24 21:03:45"}
{"level":"debug","message":"Database updated successfully","timestamp":"2025-01-24 21:03:45"}
{"level":"debug","message":"Retrieved 1 total addons from Stremio","timestamp":"2025-01-24 21:03:45"}
{"level":"debug","message":"Stored 1 non-official addons","timestamp":"2025-01-24 21:03:45"}
{"level":"debug","message":"Making Stremio API request to /addonCollectionGet","timestamp":"2025-01-24 21:04:50"}
{"level":"debug","message":"Making Stremio API request to /addonCollectionSet","timestamp":"2025-01-24 21:04:50"}
{"level":"debug","message":"Database updated successfully","timestamp":"2025-01-24 21:04:51"}
{"level":"debug","message":"Database updated successfully","timestamp":"2025-01-24 21:04:52"}
{"level":"debug","message":"Retrieved 1 total addons from Stremio","timestamp":"2025-01-24 21:04:52"}
{"level":"debug","message":"Stored 1 non-official addons","timestamp":"2025-01-24 21:04:52"}
{"level":"debug","message":"Making Stremio API request to /addonCollectionGet","timestamp":"2025-01-24 21:05:13"}
{"level":"debug","message":"Making Stremio API request to /addonCollectionSet","timestamp":"2025-01-24 21:05:13"}
{"level":"debug","message":"Database updated successfully","timestamp":"2025-01-24 21:05:13"}
{"level":"debug","message":"Database updated successfully","timestamp":"2025-01-24 21:08:02"}
{"level":"debug","message":"Retrieved 1 total addons from Stremio","timestamp":"2025-01-24 21:08:02"}
{"level":"debug","message":"Stored 1 non-official addons","timestamp":"2025-01-24 21:08:02"}
{"level":"info","message":"Server started on port 3001","timestamp":"2025-01-24 21:13:06"}
{"level":"debug","message":"Making Stremio API request to /login","timestamp":"2025-01-24 21:13:20"}
{"level":"debug","message":"Making Stremio API request to /addonCollectionGet","timestamp":"2025-01-24 21:13:20"}
{"level":"debug","message":"Database updated successfully","timestamp":"2025-01-24 21:13:20"}
{"level":"debug","message":"Retrieved 1 total addons from Stremio","timestamp":"2025-01-24 21:13:20"}
{"level":"debug","message":"Stored 1 non-official addons","timestamp":"2025-01-24 21:13:20"}
{"level":"debug","message":"Making Stremio API request to /addonCollectionGet","timestamp":"2025-01-24 21:13:32"}
{"level":"debug","message":"Making Stremio API request to /addonCollectionSet","timestamp":"2025-01-24 21:13:32"}
{"level":"debug","message":"Database updated successfully","timestamp":"2025-01-24 21:13:32"}
{"level":"debug","message":"Database updated successfully","timestamp":"2025-01-24 21:13:34"}
{"level":"debug","message":"Retrieved 1 total addons from Stremio","timestamp":"2025-01-24 21:13:34"}
{"level":"debug","message":"Stored 1 non-official addons","timestamp":"2025-01-24 21:13:34"}
{"address":"::","code":"EADDRINUSE","errno":-98,"level":"error","message":"Uncaught Exception: listen EADDRINUSE: address already in use :::3001","port":3001,"stack":"Error: listen EADDRINUSE: address already in use :::3001\n    at Server.setupListenHandle [as _listen2] (node:net:1811:16)\n    at listenInCluster (node:net:1859:12)\n    at Server.listen (node:net:1947:7)\n    at Function.listen (/home/bb/Desktop/stremio/dark/stremioadmindark/node_modules/express/lib/application.js:635:24)\n    at /home/bb/Desktop/stremio/dark/stremioadmindark/app.js:562:9","syscall":"listen","timestamp":"2025-01-24 21:20:11"}
{"level":"info","message":"Server started on port 3001","timestamp":"2025-01-24 21:20:35"}
{"level":"debug","message":"Making Stremio API request to /login","timestamp":"2025-01-24 21:20:42"}
{"level":"debug","message":"Making Stremio API request to /addonCollectionGet","timestamp":"2025-01-24 21:20:42"}
{"level":"debug","message":"Database updated successfully","timestamp":"2025-01-24 21:20:43"}
{"level":"debug","message":"Retrieved 1 total addons from Stremio","timestamp":"2025-01-24 21:20:43"}
{"level":"debug","message":"Stored 1 non-official addons","timestamp":"2025-01-24 21:20:43"}
{"level":"debug","message":"Making Stremio API request to /addonCollectionGet","timestamp":"2025-01-24 21:20:47"}
{"level":"debug","message":"Making Stremio API request to /addonCollectionSet","timestamp":"2025-01-24 21:20:47"}
{"level":"debug","message":"Database updated successfully","timestamp":"2025-01-24 21:20:47"}
{"level":"debug","message":"Database updated successfully","timestamp":"2025-01-24 21:20:49"}
{"level":"debug","message":"Retrieved 1 total addons from Stremio","timestamp":"2025-01-24 21:20:49"}
{"level":"debug","message":"Stored 1 non-official addons","timestamp":"2025-01-24 21:20:49"}
{"level":"info","message":"Server started on port 3001","timestamp":"2025-01-24 21:28:26"}
{"level":"debug","message":"Making Stremio API request to /login","timestamp":"2025-01-24 21:28:34"}
{"level":"debug","message":"Making Stremio API request to /login","timestamp":"2025-01-24 21:28:35"}
{"level":"debug","message":"Making Stremio API request to /addonCollectionGet","timestamp":"2025-01-24 21:28:36"}
{"level":"debug","message":"Database updated successfully","timestamp":"2025-01-24 21:28:36"}
{"level":"debug","message":"Retrieved 1 total addons from Stremio","timestamp":"2025-01-24 21:28:36"}
{"level":"debug","message":"Stored 1 non-official addons","timestamp":"2025-01-24 21:28:36"}
{"level":"debug","message":"Making Stremio API request to /addonCollectionGet","timestamp":"2025-01-24 21:28:37"}
{"level":"debug","message":"Database updated successfully","timestamp":"2025-01-24 21:28:37"}
{"level":"debug","message":"Retrieved 1 total addons from Stremio","timestamp":"2025-01-24 21:28:37"}
{"level":"debug","message":"Stored 1 non-official addons","timestamp":"2025-01-24 21:28:37"}
{"level":"debug","message":"Making Stremio API request to /addonCollectionGet","timestamp":"2025-01-24 21:28:50"}
{"level":"debug","message":"Making Stremio API request to /addonCollectionSet","timestamp":"2025-01-24 21:28:50"}
{"level":"debug","message":"Database updated successfully","timestamp":"2025-01-24 21:28:50"}
{"level":"debug","message":"Database updated successfully","timestamp":"2025-01-24 21:28:52"}
{"level":"debug","message":"Retrieved 1 total addons from Stremio","timestamp":"2025-01-24 21:28:52"}
{"level":"debug","message":"Stored 1 non-official addons","timestamp":"2025-01-24 21:28:52"}
{"level":"debug","message":"Making Stremio API request to /addonCollectionGet","timestamp":"2025-01-24 21:31:05"}
{"level":"debug","message":"Making Stremio API request to /addonCollectionSet","timestamp":"2025-01-24 21:31:05"}
{"level":"debug","message":"Database updated successfully","timestamp":"2025-01-24 21:31:05"}
{"level":"debug","message":"Database updated successfully","timestamp":"2025-01-24 21:31:08"}
{"level":"debug","message":"Retrieved 1 total addons from Stremio","timestamp":"2025-01-24 21:31:08"}
{"level":"debug","message":"Stored 1 non-official addons","timestamp":"2025-01-24 21:31:08"}
{"level":"debug","message":"Making Stremio API request to /logout","timestamp":"2025-01-24 21:31:17"}
{"level":"debug","message":"Making Stremio API request to /login","timestamp":"2025-01-24 21:31:21"}
{"level":"debug","message":"Making Stremio API request to /addonCollectionGet","timestamp":"2025-01-24 21:31:21"}
{"level":"debug","message":"Database updated successfully","timestamp":"2025-01-24 21:31:21"}
{"level":"debug","message":"Retrieved 3 total addons from Stremio","timestamp":"2025-01-24 21:31:21"}
{"level":"debug","message":"Stored 0 non-official addons","timestamp":"2025-01-24 21:31:21"}
{"level":"debug","message":"Making Stremio API request to /addonCollectionGet","timestamp":"2025-01-24 21:31:26"}
{"level":"debug","message":"Making Stremio API request to /addonCollectionSet","timestamp":"2025-01-24 21:31:26"}
{"level":"debug","message":"Database updated successfully","timestamp":"2025-01-24 21:31:26"}
{"level":"debug","message":"Database updated successfully","timestamp":"2025-01-24 21:31:28"}
{"level":"debug","message":"Retrieved 1 total addons from Stremio","timestamp":"2025-01-24 21:31:28"}
{"level":"debug","message":"Stored 1 non-official addons","timestamp":"2025-01-24 21:31:28"}
{"level":"debug","message":"Making Stremio API request to /addonCollectionGet","timestamp":"2025-01-24 21:31:47"}
{"level":"debug","message":"Making Stremio API request to /addonCollectionSet","timestamp":"2025-01-24 21:31:47"}
{"level":"debug","message":"Database updated successfully","timestamp":"2025-01-24 21:31:47"}
{"level":"debug","message":"Database updated successfully","timestamp":"2025-01-24 21:32:33"}
{"level":"debug","message":"Retrieved 1 total addons from Stremio","timestamp":"2025-01-24 21:32:33"}
{"level":"debug","message":"Stored 1 non-official addons","timestamp":"2025-01-24 21:32:33"}
{"level":"debug","message":"Making Stremio API request to /addonCollectionGet","timestamp":"2025-01-24 21:32:36"}
{"level":"debug","message":"Making Stremio API request to /addonCollectionSet","timestamp":"2025-01-24 21:32:36"}
{"level":"debug","message":"Database updated successfully","timestamp":"2025-01-24 21:32:36"}
{"level":"debug","message":"Database updated successfully","timestamp":"2025-01-24 21:32:38"}
{"level":"debug","message":"Retrieved 1 total addons from Stremio","timestamp":"2025-01-24 21:32:38"}
{"level":"debug","message":"Stored 1 non-official addons","timestamp":"2025-01-24 21:32:38"}
{"level":"debug","message":"Making Stremio API request to /logout","timestamp":"2025-01-24 21:32:46"}
{"level":"debug","message":"Making Stremio API request to /login","timestamp":"2025-01-24 21:32:59"}
{"level":"debug","message":"Making Stremio API request to /addonCollectionGet","timestamp":"2025-01-24 21:32:59"}
{"level":"debug","message":"Database updated successfully","timestamp":"2025-01-24 21:33:00"}
{"level":"debug","message":"Retrieved 3 total addons from Stremio","timestamp":"2025-01-24 21:33:00"}
{"level":"debug","message":"Stored 0 non-official addons","timestamp":"2025-01-24 21:33:00"}
{"email":"greg@greg.com","level":"debug","message":"Starting user sync","timestamp":"2025-01-24 21:33:04"}
{"level":"debug","message":"Making Stremio API request to /login","timestamp":"2025-01-24 21:33:04"}
{"level":"debug","message":"Making Stremio API request to /addonCollectionSet","timestamp":"2025-01-24 21:33:04"}
{"level":"debug","message":"Users database updated successfully","timestamp":"2025-01-24 21:33:04"}
{"level":"debug","message":"Making Stremio API request to /logout","timestamp":"2025-01-24 21:33:04"}
{"email":"greg@greg2.com","level":"debug","message":"Starting user sync","timestamp":"2025-01-24 21:33:05"}
{"level":"debug","message":"Making Stremio API request to /login","timestamp":"2025-01-24 21:33:05"}
{"level":"debug","message":"Making Stremio API request to /addonCollectionSet","timestamp":"2025-01-24 21:33:06"}
{"level":"debug","message":"Users database updated successfully","timestamp":"2025-01-24 21:33:06"}
{"level":"debug","message":"Making Stremio API request to /logout","timestamp":"2025-01-24 21:33:06"}
{"email":"greg@greg3.com","level":"debug","message":"Starting user sync","timestamp":"2025-01-24 21:33:07"}
{"level":"debug","message":"Making Stremio API request to /login","timestamp":"2025-01-24 21:33:07"}
{"level":"debug","message":"Making Stremio API request to /addonCollectionSet","timestamp":"2025-01-24 21:33:07"}
{"level":"debug","message":"Users database updated successfully","timestamp":"2025-01-24 21:33:08"}
{"level":"debug","message":"Making Stremio API request to /logout","timestamp":"2025-01-24 21:33:08"}
