{"level":"info","message":"Server started on port 3001","timestamp":"2025-01-25 07:12:34"}
{"level":"debug","message":"Making Stremio API request to /login","timestamp":"2025-01-25 07:12:46"}
{"level":"debug","message":"Making Stremio API request to /addonCollectionGet","timestamp":"2025-01-25 07:12:46"}
{"level":"debug","message":"Database updated successfully","timestamp":"2025-01-25 07:12:46"}
{"level":"debug","message":"Retrieved 3 total addons from Stremio","timestamp":"2025-01-25 07:12:46"}
{"level":"debug","message":"Stored 0 non-official addons","timestamp":"2025-01-25 07:12:46"}
{"level":"debug","message":"Making Stremio API request to /addonCollectionGet","timestamp":"2025-01-25 07:16:36"}
{"level":"error","message":"Error adding addon: Cannot read properties of undefined (reading 'find')","stack":"TypeError: Cannot read properties of undefined (reading 'find')\n    at /home/bb/Desktop/stremio/dark/stremioadmindark/app.js:333:33\n    at process.processTicksAndRejections (node:internal/process/task_queues:95:5)","timestamp":"2025-01-25 07:16:36"}
{"level":"info","message":"Server started on port 3001","timestamp":"2025-01-25 07:17:50"}
{"level":"debug","message":"Making Stremio API request to /login","timestamp":"2025-01-25 07:18:01"}
{"level":"debug","message":"Making Stremio API request to /addonCollectionGet","timestamp":"2025-01-25 07:18:01"}
{"level":"debug","message":"Database updated successfully","timestamp":"2025-01-25 07:18:01"}
{"level":"debug","message":"Retrieved 3 total addons from Stremio","timestamp":"2025-01-25 07:18:01"}
{"level":"debug","message":"Stored 0 non-official addons","timestamp":"2025-01-25 07:18:01"}
{"level":"debug","message":"Making Stremio API request to /addonCollectionGet","timestamp":"2025-01-25 07:18:05"}
{"level":"error","message":"Error adding addon: Cannot read properties of undefined (reading 'find')","stack":"TypeError: Cannot read properties of undefined (reading 'find')\n    at /home/bb/Desktop/stremio/dark/stremioadmindark/app.js:333:33\n    at process.processTicksAndRejections (node:internal/process/task_queues:95:5)","timestamp":"2025-01-25 07:18:05"}
{"level":"info","message":"Server started on port 3001","timestamp":"2025-01-25 07:19:04"}
{"level":"debug","message":"Making Stremio API request to /login","timestamp":"2025-01-25 07:19:08"}
{"level":"debug","message":"Making Stremio API request to /addonCollectionGet","timestamp":"2025-01-25 07:19:08"}
{"level":"debug","message":"Database updated successfully","timestamp":"2025-01-25 07:19:09"}
{"level":"debug","message":"Retrieved 3 total addons from Stremio","timestamp":"2025-01-25 07:19:09"}
{"level":"debug","message":"Stored 0 non-official addons","timestamp":"2025-01-25 07:19:09"}
{"level":"debug","message":"Making Stremio API request to /addonCollectionGet","timestamp":"2025-01-25 07:19:12"}
{"level":"error","message":"Error adding addon: Cannot read properties of undefined (reading 'find')","stack":"TypeError: Cannot read properties of undefined (reading 'find')\n    at /home/bb/Desktop/stremio/dark/stremioadmindark/app.js:333:33\n    at process.processTicksAndRejections (node:internal/process/task_queues:95:5)","timestamp":"2025-01-25 07:19:13"}
{"level":"info","message":"Server started on port 3001","timestamp":"2025-01-25 07:21:07"}
{"level":"debug","message":"Making Stremio API request to /login","timestamp":"2025-01-25 07:21:11"}
{"level":"debug","message":"Making Stremio API request to /addonCollectionGet","timestamp":"2025-01-25 07:21:11"}
{"level":"debug","message":"Database updated successfully","timestamp":"2025-01-25 07:21:11"}
{"level":"debug","message":"Retrieved 3 total addons from Stremio","timestamp":"2025-01-25 07:21:11"}
{"level":"debug","message":"Stored 0 non-official addons","timestamp":"2025-01-25 07:21:11"}
{"level":"debug","message":"Making Stremio API request to /addonCollectionGet","timestamp":"2025-01-25 07:21:15"}
{"level":"debug","message":"Making Stremio API request to /addonCollectionSet","timestamp":"2025-01-25 07:21:15"}
{"level":"debug","message":"Database updated successfully","timestamp":"2025-01-25 07:21:15"}
{"level":"debug","message":"Added new addon: org.premiumize","timestamp":"2025-01-25 07:21:15"}
{"level":"debug","message":"Making Stremio API request to /addonCollectionGet","timestamp":"2025-01-25 07:21:25"}
{"level":"debug","message":"Making Stremio API request to /addonCollectionSet","timestamp":"2025-01-25 07:21:25"}
{"level":"debug","message":"Database updated successfully","timestamp":"2025-01-25 07:21:25"}
{"level":"debug","message":"Added new addon: org.stremio.easynews","timestamp":"2025-01-25 07:21:25"}
{"level":"debug","message":"Making Stremio API request to /logout","timestamp":"2025-01-25 07:21:39"}
{"level":"debug","message":"Making Stremio API request to /login","timestamp":"2025-01-25 07:22:06"}
{"level":"debug","message":"Making Stremio API request to /login","timestamp":"2025-01-25 07:22:14"}
{"level":"debug","message":"Making Stremio API request to /addonCollectionGet","timestamp":"2025-01-25 07:22:14"}
{"level":"debug","message":"Database updated successfully","timestamp":"2025-01-25 07:22:14"}
{"level":"debug","message":"Retrieved 11 total addons from Stremio","timestamp":"2025-01-25 07:22:14"}
{"level":"debug","message":"Stored 8 non-official addons","timestamp":"2025-01-25 07:22:14"}
{"level":"debug","message":"Making Stremio API request to /login","timestamp":"2025-01-25 07:22:27"}
{"email":"greg@greg.com","level":"debug","message":"Starting user sync","timestamp":"2025-01-25 07:22:31"}
{"level":"debug","message":"Making Stremio API request to /login","timestamp":"2025-01-25 07:22:31"}
{"level":"debug","message":"Making Stremio API request to /addonCollectionSet","timestamp":"2025-01-25 07:22:31"}
{"level":"debug","message":"Users database updated successfully","timestamp":"2025-01-25 07:22:31"}
{"level":"debug","message":"Making Stremio API request to /logout","timestamp":"2025-01-25 07:22:31"}
{"level":"info","message":"Server started on port 3001","timestamp":"2025-01-25 07:26:18"}
{"level":"debug","message":"Making Stremio API request to /login","timestamp":"2025-01-25 07:26:30"}
{"level":"debug","message":"Making Stremio API request to /addonCollectionGet","timestamp":"2025-01-25 07:26:30"}
{"level":"debug","message":"Database updated successfully","timestamp":"2025-01-25 07:26:30"}
{"level":"debug","message":"Retrieved 11 total addons from Stremio","timestamp":"2025-01-25 07:26:30"}
{"level":"debug","message":"Stored 8 non-official addons","timestamp":"2025-01-25 07:26:30"}
{"level":"debug","message":"Making Stremio API request to /login","timestamp":"2025-01-25 07:26:46"}
{"level":"debug","message":"Users database updated successfully","timestamp":"2025-01-25 07:26:46"}
{"email":"greg@greg33.com","level":"debug","message":"Starting user sync","timestamp":"2025-01-25 07:26:53"}
{"level":"debug","message":"Making Stremio API request to /login","timestamp":"2025-01-25 07:26:53"}
{"level":"debug","message":"Making Stremio API request to /addonCollectionSet","timestamp":"2025-01-25 07:26:53"}
{"level":"debug","message":"Users database updated successfully","timestamp":"2025-01-25 07:26:53"}
{"level":"debug","message":"Making Stremio API request to /logout","timestamp":"2025-01-25 07:26:53"}
{"level":"info","message":"Server started on port 3001","timestamp":"2025-01-25 07:28:07"}
{"level":"debug","message":"Making Stremio API request to /login","timestamp":"2025-01-25 07:28:38"}
{"level":"debug","message":"Making Stremio API request to /addonCollectionGet","timestamp":"2025-01-25 07:28:39"}
{"level":"debug","message":"Database updated successfully","timestamp":"2025-01-25 07:28:39"}
{"level":"debug","message":"Retrieved 11 total addons from Stremio","timestamp":"2025-01-25 07:28:39"}
{"level":"debug","message":"Stored 8 non-official addons","timestamp":"2025-01-25 07:28:39"}
{"level":"info","message":"Server started on port 3001","timestamp":"2025-01-25 07:30:26"}
{"level":"debug","message":"Making Stremio API request to /login","timestamp":"2025-01-25 07:30:34"}
{"level":"debug","message":"Making Stremio API request to /addonCollectionGet","timestamp":"2025-01-25 07:30:34"}
{"level":"debug","message":"Database updated successfully","timestamp":"2025-01-25 07:30:34"}
{"level":"debug","message":"Retrieved 11 total addons from Stremio","timestamp":"2025-01-25 07:30:34"}
{"level":"debug","message":"Stored 8 non-official addons","timestamp":"2025-01-25 07:30:34"}
{"level":"debug","message":"Making Stremio API request to /addonCollectionGet","timestamp":"2025-01-25 07:30:40"}
{"level":"debug","message":"Making Stremio API request to /addonCollectionSet","timestamp":"2025-01-25 07:30:40"}
{"level":"debug","message":"Database updated successfully","timestamp":"2025-01-25 07:30:40"}
{"level":"debug","message":"Database updated successfully","timestamp":"2025-01-25 07:30:45"}
{"level":"debug","message":"Retrieved 11 total addons from Stremio","timestamp":"2025-01-25 07:30:45"}
{"level":"debug","message":"Stored 8 non-official addons","timestamp":"2025-01-25 07:30:45"}
{"level":"info","message":"Server started on port 3001","timestamp":"2025-01-25 07:35:14"}
{"level":"debug","message":"Making Stremio API request to /login","timestamp":"2025-01-25 07:35:20"}
{"level":"debug","message":"Making Stremio API request to /addonCollectionGet","timestamp":"2025-01-25 07:35:20"}
{"level":"debug","message":"Database updated successfully","timestamp":"2025-01-25 07:35:21"}
{"level":"debug","message":"Retrieved 11 total addons from Stremio","timestamp":"2025-01-25 07:35:21"}
{"level":"debug","message":"Stored 8 non-official addons","timestamp":"2025-01-25 07:35:21"}
{"level":"debug","message":"Making Stremio API request to /addonCollectionGet","timestamp":"2025-01-25 07:35:28"}
{"level":"debug","message":"Making Stremio API request to /addonCollectionSet","timestamp":"2025-01-25 07:35:28"}
{"level":"debug","message":"Database updated successfully","timestamp":"2025-01-25 07:35:29"}
{"level":"debug","message":"Database updated successfully","timestamp":"2025-01-25 07:35:29"}
{"level":"debug","message":"Retrieved 10 total addons from Stremio","timestamp":"2025-01-25 07:35:29"}
{"level":"debug","message":"Stored 7 non-official addons","timestamp":"2025-01-25 07:35:29"}
{"level":"debug","message":"Making Stremio API request to /addonCollectionGet","timestamp":"2025-01-25 07:35:33"}
{"level":"debug","message":"Making Stremio API request to /addonCollectionSet","timestamp":"2025-01-25 07:35:33"}
{"level":"debug","message":"Database updated successfully","timestamp":"2025-01-25 07:35:33"}
{"level":"debug","message":"Database updated successfully","timestamp":"2025-01-25 07:35:33"}
{"level":"debug","message":"Retrieved 9 total addons from Stremio","timestamp":"2025-01-25 07:35:33"}
{"level":"debug","message":"Stored 6 non-official addons","timestamp":"2025-01-25 07:35:33"}
{"email":"greg@greg33.com","level":"debug","message":"Starting user sync","timestamp":"2025-01-25 07:35:52"}
{"level":"debug","message":"Making Stremio API request to /login","timestamp":"2025-01-25 07:35:52"}
{"level":"debug","message":"Making Stremio API request to /addonCollectionSet","timestamp":"2025-01-25 07:35:52"}
{"level":"debug","message":"Users database updated successfully","timestamp":"2025-01-25 07:35:52"}
{"level":"debug","message":"Making Stremio API request to /logout","timestamp":"2025-01-25 07:35:52"}
{"level":"debug","message":"Making Stremio API request to /addonCollectionGet","timestamp":"2025-01-25 07:36:01"}
{"level":"debug","message":"Making Stremio API request to /addonCollectionSet","timestamp":"2025-01-25 07:36:01"}
{"level":"debug","message":"Database updated successfully","timestamp":"2025-01-25 07:36:01"}
{"level":"debug","message":"Database updated successfully","timestamp":"2025-01-25 07:36:01"}
{"level":"debug","message":"Retrieved 8 total addons from Stremio","timestamp":"2025-01-25 07:36:01"}
{"level":"debug","message":"Stored 5 non-official addons","timestamp":"2025-01-25 07:36:01"}
{"level":"debug","message":"Making Stremio API request to /addonCollectionGet","timestamp":"2025-01-25 07:36:05"}
{"level":"debug","message":"Making Stremio API request to /addonCollectionSet","timestamp":"2025-01-25 07:36:05"}
{"level":"debug","message":"Database updated successfully","timestamp":"2025-01-25 07:36:05"}
{"level":"debug","message":"Database updated successfully","timestamp":"2025-01-25 07:36:06"}
{"level":"debug","message":"Retrieved 7 total addons from Stremio","timestamp":"2025-01-25 07:36:06"}
{"level":"debug","message":"Stored 4 non-official addons","timestamp":"2025-01-25 07:36:06"}
{"level":"debug","message":"Making Stremio API request to /addonCollectionGet","timestamp":"2025-01-25 07:36:09"}
{"level":"debug","message":"Making Stremio API request to /addonCollectionSet","timestamp":"2025-01-25 07:36:09"}
{"level":"debug","message":"Database updated successfully","timestamp":"2025-01-25 07:36:09"}
{"level":"debug","message":"Database updated successfully","timestamp":"2025-01-25 07:36:09"}
{"level":"debug","message":"Retrieved 6 total addons from Stremio","timestamp":"2025-01-25 07:36:09"}
{"level":"debug","message":"Stored 3 non-official addons","timestamp":"2025-01-25 07:36:09"}
{"level":"debug","message":"Making Stremio API request to /addonCollectionGet","timestamp":"2025-01-25 07:36:13"}
{"level":"debug","message":"Making Stremio API request to /addonCollectionSet","timestamp":"2025-01-25 07:36:13"}
{"level":"debug","message":"Database updated successfully","timestamp":"2025-01-25 07:36:13"}
{"level":"debug","message":"Database updated successfully","timestamp":"2025-01-25 07:36:13"}
{"level":"debug","message":"Retrieved 5 total addons from Stremio","timestamp":"2025-01-25 07:36:13"}
{"level":"debug","message":"Stored 2 non-official addons","timestamp":"2025-01-25 07:36:13"}
{"level":"debug","message":"Making Stremio API request to /addonCollectionGet","timestamp":"2025-01-25 07:36:17"}
{"level":"debug","message":"Making Stremio API request to /addonCollectionSet","timestamp":"2025-01-25 07:36:17"}
{"level":"debug","message":"Database updated successfully","timestamp":"2025-01-25 07:36:17"}
{"level":"debug","message":"Database updated successfully","timestamp":"2025-01-25 07:36:17"}
{"level":"debug","message":"Retrieved 4 total addons from Stremio","timestamp":"2025-01-25 07:36:17"}
{"level":"debug","message":"Stored 1 non-official addons","timestamp":"2025-01-25 07:36:17"}
{"level":"debug","message":"Making Stremio API request to /addonCollectionGet","timestamp":"2025-01-25 07:36:21"}
{"level":"debug","message":"Making Stremio API request to /addonCollectionSet","timestamp":"2025-01-25 07:36:21"}
{"level":"debug","message":"Database updated successfully","timestamp":"2025-01-25 07:36:21"}
{"level":"debug","message":"Database updated successfully","timestamp":"2025-01-25 07:36:21"}
{"level":"debug","message":"Retrieved 3 total addons from Stremio","timestamp":"2025-01-25 07:36:21"}
{"level":"debug","message":"Stored 0 non-official addons","timestamp":"2025-01-25 07:36:21"}
{"level":"info","message":"Server started on port 3001","timestamp":"2025-01-25 07:42:46"}
{"level":"debug","message":"Making Stremio API request to /login","timestamp":"2025-01-25 07:42:51"}
{"level":"debug","message":"Making Stremio API request to /addonCollectionGet","timestamp":"2025-01-25 07:42:51"}
{"level":"debug","message":"Database updated successfully","timestamp":"2025-01-25 07:42:51"}
{"level":"debug","message":"Retrieved 3 total addons from Stremio","timestamp":"2025-01-25 07:42:51"}
{"level":"debug","message":"Stored 0 non-official addons","timestamp":"2025-01-25 07:42:51"}
{"level":"debug","message":"Making Stremio API request to /login","timestamp":"2025-01-25 07:43:06"}
{"level":"debug","message":"Users database updated successfully","timestamp":"2025-01-25 07:43:06"}
{"level":"debug","message":"Making Stremio API request to /logout","timestamp":"2025-01-25 07:43:37"}
{"level":"info","message":"Server started on port 3001","timestamp":"2025-01-25 07:55:06"}
{"level":"debug","message":"Making Stremio API request to /login","timestamp":"2025-01-25 07:55:27"}
{"level":"debug","message":"Making Stremio API request to /addonCollectionGet","timestamp":"2025-01-25 07:55:27"}
{"level":"debug","message":"Database updated successfully","timestamp":"2025-01-25 07:55:27"}
{"level":"debug","message":"Retrieved 3 total addons from Stremio","timestamp":"2025-01-25 07:55:27"}
{"level":"debug","message":"Stored 0 non-official addons","timestamp":"2025-01-25 07:55:27"}
{"level":"debug","message":"Making Stremio API request to /addonCollectionGet","timestamp":"2025-01-25 07:55:41"}
{"level":"debug","message":"Making Stremio API request to /addonCollectionSet","timestamp":"2025-01-25 07:55:41"}
{"level":"debug","message":"Database updated successfully","timestamp":"2025-01-25 07:55:41"}
{"level":"debug","message":"Added new addon: org.premiumize","timestamp":"2025-01-25 07:55:41"}
{"level":"debug","message":"Making Stremio API request to /login","timestamp":"2025-01-25 07:55:50"}
{"level":"debug","message":"Users database updated successfully","timestamp":"2025-01-25 07:55:50"}
{"email":"greg@greg.com","level":"debug","message":"Starting user sync","timestamp":"2025-01-25 07:55:52"}
{"level":"debug","message":"Making Stremio API request to /login","timestamp":"2025-01-25 07:55:52"}
{"level":"debug","message":"Making Stremio API request to /addonCollectionSet","timestamp":"2025-01-25 07:55:52"}
{"level":"debug","message":"Users database updated successfully","timestamp":"2025-01-25 07:55:52"}
{"level":"debug","message":"Making Stremio API request to /logout","timestamp":"2025-01-25 07:55:52"}
{"level":"debug","message":"Making Stremio API request to /logout","timestamp":"2025-01-25 07:57:01"}
{"level":"info","message":"Server started on port 3001","timestamp":"2025-01-25 09:00:52"}
{"level":"debug","message":"Making Stremio API request to /login","timestamp":"2025-01-25 09:04:10"}
{"level":"debug","message":"Making Stremio API request to /addonCollectionGet","timestamp":"2025-01-25 09:04:10"}
{"level":"debug","message":"Database updated successfully","timestamp":"2025-01-25 09:04:11"}
{"level":"debug","message":"Retrieved 4 total addons from Stremio","timestamp":"2025-01-25 09:04:11"}
{"level":"debug","message":"Stored 1 non-official addons","timestamp":"2025-01-25 09:04:11"}
{"level":"debug","message":"Users database updated successfully","timestamp":"2025-01-25 09:04:26"}
{"level":"debug","message":"Making Stremio API request to /logout","timestamp":"2025-01-25 09:04:37"}
{"level":"debug","message":"Making Stremio API request to /login","timestamp":"2025-01-25 09:08:23"}
{"level":"debug","message":"Making Stremio API request to /addonCollectionGet","timestamp":"2025-01-25 09:08:23"}
{"level":"debug","message":"Database updated successfully","timestamp":"2025-01-25 09:08:23"}
{"level":"debug","message":"Retrieved 4 total addons from Stremio","timestamp":"2025-01-25 09:08:23"}
{"level":"debug","message":"Stored 1 non-official addons","timestamp":"2025-01-25 09:08:23"}
{"level":"debug","message":"Making Stremio API request to /addonCollectionGet","timestamp":"2025-01-25 09:08:35"}
{"level":"debug","message":"Making Stremio API request to /addonCollectionSet","timestamp":"2025-01-25 09:08:36"}
{"level":"debug","message":"Database updated successfully","timestamp":"2025-01-25 09:08:36"}
{"level":"debug","message":"Database updated successfully","timestamp":"2025-01-25 09:08:36"}
{"level":"debug","message":"Retrieved 3 total addons from Stremio","timestamp":"2025-01-25 09:08:36"}
{"level":"debug","message":"Stored 0 non-official addons","timestamp":"2025-01-25 09:08:36"}
{"level":"debug","message":"Making Stremio API request to /addonCollectionGet","timestamp":"2025-01-25 09:09:16"}
{"level":"debug","message":"Making Stremio API request to /addonCollectionSet","timestamp":"2025-01-25 09:09:21"}
{"level":"debug","message":"Database updated successfully","timestamp":"2025-01-25 09:09:21"}
{"level":"debug","message":"Database updated successfully","timestamp":"2025-01-25 09:09:26"}
{"level":"debug","message":"Retrieved 11 total addons from Stremio","timestamp":"2025-01-25 09:09:26"}
{"level":"debug","message":"Stored 8 non-official addons","timestamp":"2025-01-25 09:09:26"}
{"level":"debug","message":"Making Stremio API request to /login","timestamp":"2025-01-25 09:10:19"}
{"level":"debug","message":"Users database updated successfully","timestamp":"2025-01-25 09:10:19"}
{"level":"debug","message":"Making Stremio API request to /login","timestamp":"2025-01-25 09:10:44"}
{"level":"debug","message":"Users database updated successfully","timestamp":"2025-01-25 09:10:44"}
{"email":"greg@greg2.com","level":"debug","message":"Starting user sync","timestamp":"2025-01-25 09:10:51"}
{"level":"debug","message":"Making Stremio API request to /login","timestamp":"2025-01-25 09:10:51"}
{"level":"debug","message":"Making Stremio API request to /addonCollectionSet","timestamp":"2025-01-25 09:10:51"}
{"level":"debug","message":"Users database updated successfully","timestamp":"2025-01-25 09:10:51"}
{"level":"debug","message":"Making Stremio API request to /logout","timestamp":"2025-01-25 09:10:51"}
{"email":"greg@greg3.com","level":"debug","message":"Starting user sync","timestamp":"2025-01-25 09:11:33"}
{"level":"debug","message":"Making Stremio API request to /login","timestamp":"2025-01-25 09:11:33"}
{"level":"debug","message":"Making Stremio API request to /addonCollectionSet","timestamp":"2025-01-25 09:11:33"}
{"level":"debug","message":"Users database updated successfully","timestamp":"2025-01-25 09:11:33"}
{"level":"debug","message":"Making Stremio API request to /logout","timestamp":"2025-01-25 09:11:33"}
{"level":"debug","message":"Making Stremio API request to /logout","timestamp":"2025-01-25 09:21:48"}
{"code":"EAI_AGAIN","errno":"EAI_AGAIN","level":"error","message":"request to https://api.strem.io/api/logout failed, reason: getaddrinfo EAI_AGAIN api.strem.io","stack":"FetchError: request to https://api.strem.io/api/logout failed, reason: getaddrinfo EAI_AGAIN api.strem.io\n    at ClientRequest.<anonymous> (/www/wwwroot/stremioadmindark/node_modules/node-fetch/lib/index.js:1501:11)\n    at ClientRequest.emit (node:events:519:28)\n    at emitErrorEvent (node:_http_client:101:11)\n    at TLSSocket.socketErrorListener (node:_http_client:504:5)\n    at TLSSocket.emit (node:events:519:28)\n    at emitErrorNT (node:internal/streams/destroy:169:8)\n    at emitErrorCloseNT (node:internal/streams/destroy:128:3)\n    at process.processTicksAndRejections (node:internal/process/task_queues:82:21)","timestamp":"2025-01-25 09:21:58","type":"system"}
{"code":"EAI_AGAIN","errno":"EAI_AGAIN","level":"error","message":"request to https://api.strem.io/api/logout failed, reason: getaddrinfo EAI_AGAIN api.strem.io","stack":"FetchError: request to https://api.strem.io/api/logout failed, reason: getaddrinfo EAI_AGAIN api.strem.io\n    at ClientRequest.<anonymous> (/www/wwwroot/stremioadmindark/node_modules/node-fetch/lib/index.js:1501:11)\n    at ClientRequest.emit (node:events:519:28)\n    at emitErrorEvent (node:_http_client:101:11)\n    at TLSSocket.socketErrorListener (node:_http_client:504:5)\n    at TLSSocket.emit (node:events:519:28)\n    at emitErrorNT (node:internal/streams/destroy:169:8)\n    at emitErrorCloseNT (node:internal/streams/destroy:128:3)\n    at process.processTicksAndRejections (node:internal/process/task_queues:82:21)","timestamp":"2025-01-25 09:21:58","type":"system"}
{"level":"debug","message":"Making Stremio API request to /login","timestamp":"2025-01-25 09:22:19"}
{"level":"debug","message":"Making Stremio API request to /login","timestamp":"2025-01-25 09:22:25"}
{"code":"ETIMEDOUT","errno":"ETIMEDOUT","level":"error","message":"request to https://api.strem.io/api/login failed, reason: ","stack":"FetchError: request to https://api.strem.io/api/login failed, reason: \n    at ClientRequest.<anonymous> (/www/wwwroot/stremioadmindark/node_modules/node-fetch/lib/index.js:1501:11)\n    at ClientRequest.emit (node:events:519:28)\n    at emitErrorEvent (node:_http_client:101:11)\n    at TLSSocket.socketErrorListener (node:_http_client:504:5)\n    at TLSSocket.emit (node:events:519:28)\n    at emitErrorNT (node:internal/streams/destroy:169:8)\n    at emitErrorCloseNT (node:internal/streams/destroy:128:3)\n    at process.processTicksAndRejections (node:internal/process/task_queues:82:21)","timestamp":"2025-01-25 09:22:25","type":"system"}
{"code":"ETIMEDOUT","errno":"ETIMEDOUT","level":"error","message":"request to https://api.strem.io/api/login failed, reason: ","stack":"FetchError: request to https://api.strem.io/api/login failed, reason: \n    at ClientRequest.<anonymous> (/www/wwwroot/stremioadmindark/node_modules/node-fetch/lib/index.js:1501:11)\n    at ClientRequest.emit (node:events:519:28)\n    at emitErrorEvent (node:_http_client:101:11)\n    at TLSSocket.socketErrorListener (node:_http_client:504:5)\n    at TLSSocket.emit (node:events:519:28)\n    at emitErrorNT (node:internal/streams/destroy:169:8)\n    at emitErrorCloseNT (node:internal/streams/destroy:128:3)\n    at process.processTicksAndRejections (node:internal/process/task_queues:82:21)","timestamp":"2025-01-25 09:22:25","type":"system"}
{"code":"ETIMEDOUT","errno":"ETIMEDOUT","level":"error","message":"request to https://api.strem.io/api/login failed, reason: ","stack":"FetchError: request to https://api.strem.io/api/login failed, reason: \n    at ClientRequest.<anonymous> (/www/wwwroot/stremioadmindark/node_modules/node-fetch/lib/index.js:1501:11)\n    at ClientRequest.emit (node:events:519:28)\n    at emitErrorEvent (node:_http_client:101:11)\n    at TLSSocket.socketErrorListener (node:_http_client:504:5)\n    at TLSSocket.emit (node:events:519:28)\n    at emitErrorNT (node:internal/streams/destroy:169:8)\n    at emitErrorCloseNT (node:internal/streams/destroy:128:3)\n    at process.processTicksAndRejections (node:internal/process/task_queues:82:21)","timestamp":"2025-01-25 09:22:25","type":"system"}
{"code":"ETIMEDOUT","errno":"ETIMEDOUT","level":"error","message":"request to https://api.strem.io/api/login failed, reason: ","stack":"FetchError: request to https://api.strem.io/api/login failed, reason: \n    at ClientRequest.<anonymous> (/www/wwwroot/stremioadmindark/node_modules/node-fetch/lib/index.js:1501:11)\n    at ClientRequest.emit (node:events:519:28)\n    at emitErrorEvent (node:_http_client:101:11)\n    at TLSSocket.socketErrorListener (node:_http_client:504:5)\n    at TLSSocket.emit (node:events:519:28)\n    at emitErrorNT (node:internal/streams/destroy:169:8)\n    at emitErrorCloseNT (node:internal/streams/destroy:128:3)\n    at process.processTicksAndRejections (node:internal/process/task_queues:82:21)","timestamp":"2025-01-25 09:22:25","type":"system"}
{"level":"debug","message":"Making Stremio API request to /login","timestamp":"2025-01-25 09:22:42"}
{"level":"debug","message":"Making Stremio API request to /login","timestamp":"2025-01-25 09:22:43"}
{"code":"ETIMEDOUT","errno":"ETIMEDOUT","level":"error","message":"request to https://api.strem.io/api/login failed, reason: ","stack":"FetchError: request to https://api.strem.io/api/login failed, reason: \n    at ClientRequest.<anonymous> (/www/wwwroot/stremioadmindark/node_modules/node-fetch/lib/index.js:1501:11)\n    at ClientRequest.emit (node:events:519:28)\n    at emitErrorEvent (node:_http_client:101:11)\n    at TLSSocket.socketErrorListener (node:_http_client:504:5)\n    at TLSSocket.emit (node:events:519:28)\n    at emitErrorNT (node:internal/streams/destroy:169:8)\n    at emitErrorCloseNT (node:internal/streams/destroy:128:3)\n    at process.processTicksAndRejections (node:internal/process/task_queues:82:21)","timestamp":"2025-01-25 09:22:47","type":"system"}
{"code":"ETIMEDOUT","errno":"ETIMEDOUT","level":"error","message":"request to https://api.strem.io/api/login failed, reason: ","stack":"FetchError: request to https://api.strem.io/api/login failed, reason: \n    at ClientRequest.<anonymous> (/www/wwwroot/stremioadmindark/node_modules/node-fetch/lib/index.js:1501:11)\n    at ClientRequest.emit (node:events:519:28)\n    at emitErrorEvent (node:_http_client:101:11)\n    at TLSSocket.socketErrorListener (node:_http_client:504:5)\n    at TLSSocket.emit (node:events:519:28)\n    at emitErrorNT (node:internal/streams/destroy:169:8)\n    at emitErrorCloseNT (node:internal/streams/destroy:128:3)\n    at process.processTicksAndRejections (node:internal/process/task_queues:82:21)","timestamp":"2025-01-25 09:22:47","type":"system"}
{"code":"ETIMEDOUT","errno":"ETIMEDOUT","level":"error","message":"request to https://api.strem.io/api/login failed, reason: ","stack":"FetchError: request to https://api.strem.io/api/login failed, reason: \n    at ClientRequest.<anonymous> (/www/wwwroot/stremioadmindark/node_modules/node-fetch/lib/index.js:1501:11)\n    at ClientRequest.emit (node:events:519:28)\n    at emitErrorEvent (node:_http_client:101:11)\n    at TLSSocket.socketErrorListener (node:_http_client:504:5)\n    at TLSSocket.emit (node:events:519:28)\n    at emitErrorNT (node:internal/streams/destroy:169:8)\n    at emitErrorCloseNT (node:internal/streams/destroy:128:3)\n    at process.processTicksAndRejections (node:internal/process/task_queues:82:21)","timestamp":"2025-01-25 09:22:47","type":"system"}
{"code":"ETIMEDOUT","errno":"ETIMEDOUT","level":"error","message":"request to https://api.strem.io/api/login failed, reason: ","stack":"FetchError: request to https://api.strem.io/api/login failed, reason: \n    at ClientRequest.<anonymous> (/www/wwwroot/stremioadmindark/node_modules/node-fetch/lib/index.js:1501:11)\n    at ClientRequest.emit (node:events:519:28)\n    at emitErrorEvent (node:_http_client:101:11)\n    at TLSSocket.socketErrorListener (node:_http_client:504:5)\n    at TLSSocket.emit (node:events:519:28)\n    at emitErrorNT (node:internal/streams/destroy:169:8)\n    at emitErrorCloseNT (node:internal/streams/destroy:128:3)\n    at process.processTicksAndRejections (node:internal/process/task_queues:82:21)","timestamp":"2025-01-25 09:22:47","type":"system"}
{"level":"debug","message":"Making Stremio API request to /login","timestamp":"2025-01-25 09:23:16"}
{"code":"ETIMEDOUT","errno":"ETIMEDOUT","level":"error","message":"request to https://api.strem.io/api/login failed, reason: ","stack":"FetchError: request to https://api.strem.io/api/login failed, reason: \n    at ClientRequest.<anonymous> (/www/wwwroot/stremioadmindark/node_modules/node-fetch/lib/index.js:1501:11)\n    at ClientRequest.emit (node:events:519:28)\n    at emitErrorEvent (node:_http_client:101:11)\n    at TLSSocket.socketErrorListener (node:_http_client:504:5)\n    at TLSSocket.emit (node:events:519:28)\n    at emitErrorNT (node:internal/streams/destroy:169:8)\n    at emitErrorCloseNT (node:internal/streams/destroy:128:3)\n    at process.processTicksAndRejections (node:internal/process/task_queues:82:21)","timestamp":"2025-01-25 09:23:22","type":"system"}
{"code":"ETIMEDOUT","errno":"ETIMEDOUT","level":"error","message":"request to https://api.strem.io/api/login failed, reason: ","stack":"FetchError: request to https://api.strem.io/api/login failed, reason: \n    at ClientRequest.<anonymous> (/www/wwwroot/stremioadmindark/node_modules/node-fetch/lib/index.js:1501:11)\n    at ClientRequest.emit (node:events:519:28)\n    at emitErrorEvent (node:_http_client:101:11)\n    at TLSSocket.socketErrorListener (node:_http_client:504:5)\n    at TLSSocket.emit (node:events:519:28)\n    at emitErrorNT (node:internal/streams/destroy:169:8)\n    at emitErrorCloseNT (node:internal/streams/destroy:128:3)\n    at process.processTicksAndRejections (node:internal/process/task_queues:82:21)","timestamp":"2025-01-25 09:23:22","type":"system"}
{"level":"debug","message":"Making Stremio API request to /login","timestamp":"2025-01-25 09:23:45"}
{"level":"debug","message":"Making Stremio API request to /login","timestamp":"2025-01-25 09:23:47"}
{"level":"debug","message":"Making Stremio API request to /login","timestamp":"2025-01-25 09:23:49"}
{"level":"debug","message":"Making Stremio API request to /login","timestamp":"2025-01-25 09:23:49"}
{"level":"debug","message":"Making Stremio API request to /login","timestamp":"2025-01-25 09:23:50"}
{"level":"debug","message":"Making Stremio API request to /login","timestamp":"2025-01-25 09:23:50"}
{"level":"debug","message":"Making Stremio API request to /login","timestamp":"2025-01-25 09:23:58"}
{"code":"EAI_AGAIN","errno":"EAI_AGAIN","level":"error","message":"request to https://api.strem.io/api/login failed, reason: getaddrinfo EAI_AGAIN api.strem.io","stack":"FetchError: request to https://api.strem.io/api/login failed, reason: getaddrinfo EAI_AGAIN api.strem.io\n    at ClientRequest.<anonymous> (/www/wwwroot/stremioadmindark/node_modules/node-fetch/lib/index.js:1501:11)\n    at ClientRequest.emit (node:events:519:28)\n    at emitErrorEvent (node:_http_client:101:11)\n    at TLSSocket.socketErrorListener (node:_http_client:504:5)\n    at TLSSocket.emit (node:events:519:28)\n    at emitErrorNT (node:internal/streams/destroy:169:8)\n    at emitErrorCloseNT (node:internal/streams/destroy:128:3)\n    at process.processTicksAndRejections (node:internal/process/task_queues:82:21)","timestamp":"2025-01-25 09:24:00","type":"system"}
{"code":"EAI_AGAIN","errno":"EAI_AGAIN","level":"error","message":"request to https://api.strem.io/api/login failed, reason: getaddrinfo EAI_AGAIN api.strem.io","stack":"FetchError: request to https://api.strem.io/api/login failed, reason: getaddrinfo EAI_AGAIN api.strem.io\n    at ClientRequest.<anonymous> (/www/wwwroot/stremioadmindark/node_modules/node-fetch/lib/index.js:1501:11)\n    at ClientRequest.emit (node:events:519:28)\n    at emitErrorEvent (node:_http_client:101:11)\n    at TLSSocket.socketErrorListener (node:_http_client:504:5)\n    at TLSSocket.emit (node:events:519:28)\n    at emitErrorNT (node:internal/streams/destroy:169:8)\n    at emitErrorCloseNT (node:internal/streams/destroy:128:3)\n    at process.processTicksAndRejections (node:internal/process/task_queues:82:21)","timestamp":"2025-01-25 09:24:00","type":"system"}
{"level":"debug","message":"Making Stremio API request to /login","timestamp":"2025-01-25 09:24:02"}
{"level":"debug","message":"Making Stremio API request to /login","timestamp":"2025-01-25 09:24:03"}
{"level":"debug","message":"Making Stremio API request to /login","timestamp":"2025-01-25 09:24:03"}
{"level":"debug","message":"Making Stremio API request to /login","timestamp":"2025-01-25 09:24:03"}
{"level":"debug","message":"Making Stremio API request to /login","timestamp":"2025-01-25 09:24:04"}
{"level":"debug","message":"Making Stremio API request to /login","timestamp":"2025-01-25 09:24:07"}
{"code":"ETIMEDOUT","errno":"ETIMEDOUT","level":"error","message":"request to https://api.strem.io/api/login failed, reason: ","stack":"FetchError: request to https://api.strem.io/api/login failed, reason: \n    at ClientRequest.<anonymous> (/www/wwwroot/stremioadmindark/node_modules/node-fetch/lib/index.js:1501:11)\n    at ClientRequest.emit (node:events:519:28)\n    at emitErrorEvent (node:_http_client:101:11)\n    at TLSSocket.socketErrorListener (node:_http_client:504:5)\n    at TLSSocket.emit (node:events:519:28)\n    at emitErrorNT (node:internal/streams/destroy:169:8)\n    at emitErrorCloseNT (node:internal/streams/destroy:128:3)\n    at processTicksAndRejections (node:internal/process/task_queues:82:21)\n    at runNextTicks (node:internal/process/task_queues:64:3)\n    at listOnTimeout (node:internal/timers:545:9)","timestamp":"2025-01-25 09:24:13","type":"system"}
{"code":"ETIMEDOUT","errno":"ETIMEDOUT","level":"error","message":"request to https://api.strem.io/api/login failed, reason: ","stack":"FetchError: request to https://api.strem.io/api/login failed, reason: \n    at ClientRequest.<anonymous> (/www/wwwroot/stremioadmindark/node_modules/node-fetch/lib/index.js:1501:11)\n    at ClientRequest.emit (node:events:519:28)\n    at emitErrorEvent (node:_http_client:101:11)\n    at TLSSocket.socketErrorListener (node:_http_client:504:5)\n    at TLSSocket.emit (node:events:519:28)\n    at emitErrorNT (node:internal/streams/destroy:169:8)\n    at emitErrorCloseNT (node:internal/streams/destroy:128:3)\n    at processTicksAndRejections (node:internal/process/task_queues:82:21)\n    at runNextTicks (node:internal/process/task_queues:64:3)\n    at listOnTimeout (node:internal/timers:545:9)","timestamp":"2025-01-25 09:24:13","type":"system"}
{"code":"ETIMEDOUT","errno":"ETIMEDOUT","level":"error","message":"request to https://api.strem.io/api/login failed, reason: ","stack":"FetchError: request to https://api.strem.io/api/login failed, reason: \n    at ClientRequest.<anonymous> (/www/wwwroot/stremioadmindark/node_modules/node-fetch/lib/index.js:1501:11)\n    at ClientRequest.emit (node:events:519:28)\n    at emitErrorEvent (node:_http_client:101:11)\n    at TLSSocket.socketErrorListener (node:_http_client:504:5)\n    at TLSSocket.emit (node:events:519:28)\n    at emitErrorNT (node:internal/streams/destroy:169:8)\n    at emitErrorCloseNT (node:internal/streams/destroy:128:3)\n    at processTicksAndRejections (node:internal/process/task_queues:82:21)\n    at runNextTicks (node:internal/process/task_queues:64:3)\n    at listOnTimeout (node:internal/timers:545:9)","timestamp":"2025-01-25 09:24:13","type":"system"}
{"code":"ETIMEDOUT","errno":"ETIMEDOUT","level":"error","message":"request to https://api.strem.io/api/login failed, reason: ","stack":"FetchError: request to https://api.strem.io/api/login failed, reason: \n    at ClientRequest.<anonymous> (/www/wwwroot/stremioadmindark/node_modules/node-fetch/lib/index.js:1501:11)\n    at ClientRequest.emit (node:events:519:28)\n    at emitErrorEvent (node:_http_client:101:11)\n    at TLSSocket.socketErrorListener (node:_http_client:504:5)\n    at TLSSocket.emit (node:events:519:28)\n    at emitErrorNT (node:internal/streams/destroy:169:8)\n    at emitErrorCloseNT (node:internal/streams/destroy:128:3)\n    at processTicksAndRejections (node:internal/process/task_queues:82:21)\n    at runNextTicks (node:internal/process/task_queues:64:3)\n    at listOnTimeout (node:internal/timers:545:9)","timestamp":"2025-01-25 09:24:13","type":"system"}
{"code":"ETIMEDOUT","errno":"ETIMEDOUT","level":"error","message":"request to https://api.strem.io/api/login failed, reason: ","stack":"FetchError: request to https://api.strem.io/api/login failed, reason: \n    at ClientRequest.<anonymous> (/www/wwwroot/stremioadmindark/node_modules/node-fetch/lib/index.js:1501:11)\n    at ClientRequest.emit (node:events:519:28)\n    at emitErrorEvent (node:_http_client:101:11)\n    at TLSSocket.socketErrorListener (node:_http_client:504:5)\n    at TLSSocket.emit (node:events:519:28)\n    at emitErrorNT (node:internal/streams/destroy:169:8)\n    at emitErrorCloseNT (node:internal/streams/destroy:128:3)\n    at processTicksAndRejections (node:internal/process/task_queues:82:21)\n    at runNextTicks (node:internal/process/task_queues:64:3)\n    at listOnTimeout (node:internal/timers:545:9)","timestamp":"2025-01-25 09:24:13","type":"system"}
{"code":"ETIMEDOUT","errno":"ETIMEDOUT","level":"error","message":"request to https://api.strem.io/api/login failed, reason: ","stack":"FetchError: request to https://api.strem.io/api/login failed, reason: \n    at ClientRequest.<anonymous> (/www/wwwroot/stremioadmindark/node_modules/node-fetch/lib/index.js:1501:11)\n    at ClientRequest.emit (node:events:519:28)\n    at emitErrorEvent (node:_http_client:101:11)\n    at TLSSocket.socketErrorListener (node:_http_client:504:5)\n    at TLSSocket.emit (node:events:519:28)\n    at emitErrorNT (node:internal/streams/destroy:169:8)\n    at emitErrorCloseNT (node:internal/streams/destroy:128:3)\n    at processTicksAndRejections (node:internal/process/task_queues:82:21)\n    at runNextTicks (node:internal/process/task_queues:64:3)\n    at listOnTimeout (node:internal/timers:545:9)","timestamp":"2025-01-25 09:24:13","type":"system"}
{"code":"ETIMEDOUT","errno":"ETIMEDOUT","level":"error","message":"request to https://api.strem.io/api/login failed, reason: ","stack":"FetchError: request to https://api.strem.io/api/login failed, reason: \n    at ClientRequest.<anonymous> (/www/wwwroot/stremioadmindark/node_modules/node-fetch/lib/index.js:1501:11)\n    at ClientRequest.emit (node:events:519:28)\n    at emitErrorEvent (node:_http_client:101:11)\n    at TLSSocket.socketErrorListener (node:_http_client:504:5)\n    at TLSSocket.emit (node:events:519:28)\n    at emitErrorNT (node:internal/streams/destroy:169:8)\n    at emitErrorCloseNT (node:internal/streams/destroy:128:3)\n    at process.processTicksAndRejections (node:internal/process/task_queues:82:21)","timestamp":"2025-01-25 09:24:13","type":"system"}
{"code":"ETIMEDOUT","errno":"ETIMEDOUT","level":"error","message":"request to https://api.strem.io/api/login failed, reason: ","stack":"FetchError: request to https://api.strem.io/api/login failed, reason: \n    at ClientRequest.<anonymous> (/www/wwwroot/stremioadmindark/node_modules/node-fetch/lib/index.js:1501:11)\n    at ClientRequest.emit (node:events:519:28)\n    at emitErrorEvent (node:_http_client:101:11)\n    at TLSSocket.socketErrorListener (node:_http_client:504:5)\n    at TLSSocket.emit (node:events:519:28)\n    at emitErrorNT (node:internal/streams/destroy:169:8)\n    at emitErrorCloseNT (node:internal/streams/destroy:128:3)\n    at process.processTicksAndRejections (node:internal/process/task_queues:82:21)","timestamp":"2025-01-25 09:24:13","type":"system"}
{"code":"ETIMEDOUT","errno":"ETIMEDOUT","level":"error","message":"request to https://api.strem.io/api/login failed, reason: ","stack":"FetchError: request to https://api.strem.io/api/login failed, reason: \n    at ClientRequest.<anonymous> (/www/wwwroot/stremioadmindark/node_modules/node-fetch/lib/index.js:1501:11)\n    at ClientRequest.emit (node:events:519:28)\n    at emitErrorEvent (node:_http_client:101:11)\n    at TLSSocket.socketErrorListener (node:_http_client:504:5)\n    at TLSSocket.emit (node:events:519:28)\n    at emitErrorNT (node:internal/streams/destroy:169:8)\n    at emitErrorCloseNT (node:internal/streams/destroy:128:3)\n    at processTicksAndRejections (node:internal/process/task_queues:82:21)\n    at runNextTicks (node:internal/process/task_queues:64:3)\n    at listOnTimeout (node:internal/timers:545:9)","timestamp":"2025-01-25 09:24:13","type":"system"}
{"code":"ETIMEDOUT","errno":"ETIMEDOUT","level":"error","message":"request to https://api.strem.io/api/login failed, reason: ","stack":"FetchError: request to https://api.strem.io/api/login failed, reason: \n    at ClientRequest.<anonymous> (/www/wwwroot/stremioadmindark/node_modules/node-fetch/lib/index.js:1501:11)\n    at ClientRequest.emit (node:events:519:28)\n    at emitErrorEvent (node:_http_client:101:11)\n    at TLSSocket.socketErrorListener (node:_http_client:504:5)\n    at TLSSocket.emit (node:events:519:28)\n    at emitErrorNT (node:internal/streams/destroy:169:8)\n    at emitErrorCloseNT (node:internal/streams/destroy:128:3)\n    at processTicksAndRejections (node:internal/process/task_queues:82:21)\n    at runNextTicks (node:internal/process/task_queues:64:3)\n    at listOnTimeout (node:internal/timers:545:9)","timestamp":"2025-01-25 09:24:13","type":"system"}
{"code":"ETIMEDOUT","errno":"ETIMEDOUT","level":"error","message":"request to https://api.strem.io/api/login failed, reason: ","stack":"FetchError: request to https://api.strem.io/api/login failed, reason: \n    at ClientRequest.<anonymous> (/www/wwwroot/stremioadmindark/node_modules/node-fetch/lib/index.js:1501:11)\n    at ClientRequest.emit (node:events:519:28)\n    at emitErrorEvent (node:_http_client:101:11)\n    at TLSSocket.socketErrorListener (node:_http_client:504:5)\n    at TLSSocket.emit (node:events:519:28)\n    at emitErrorNT (node:internal/streams/destroy:169:8)\n    at emitErrorCloseNT (node:internal/streams/destroy:128:3)\n    at processTicksAndRejections (node:internal/process/task_queues:82:21)\n    at runNextTicks (node:internal/process/task_queues:64:3)\n    at listOnTimeout (node:internal/timers:545:9)","timestamp":"2025-01-25 09:24:13","type":"system"}
{"code":"ETIMEDOUT","errno":"ETIMEDOUT","level":"error","message":"request to https://api.strem.io/api/login failed, reason: ","stack":"FetchError: request to https://api.strem.io/api/login failed, reason: \n    at ClientRequest.<anonymous> (/www/wwwroot/stremioadmindark/node_modules/node-fetch/lib/index.js:1501:11)\n    at ClientRequest.emit (node:events:519:28)\n    at emitErrorEvent (node:_http_client:101:11)\n    at TLSSocket.socketErrorListener (node:_http_client:504:5)\n    at TLSSocket.emit (node:events:519:28)\n    at emitErrorNT (node:internal/streams/destroy:169:8)\n    at emitErrorCloseNT (node:internal/streams/destroy:128:3)\n    at processTicksAndRejections (node:internal/process/task_queues:82:21)\n    at runNextTicks (node:internal/process/task_queues:64:3)\n    at listOnTimeout (node:internal/timers:545:9)","timestamp":"2025-01-25 09:24:13","type":"system"}
{"code":"ETIMEDOUT","errno":"ETIMEDOUT","level":"error","message":"request to https://api.strem.io/api/login failed, reason: ","stack":"FetchError: request to https://api.strem.io/api/login failed, reason: \n    at ClientRequest.<anonymous> (/www/wwwroot/stremioadmindark/node_modules/node-fetch/lib/index.js:1501:11)\n    at ClientRequest.emit (node:events:519:28)\n    at emitErrorEvent (node:_http_client:101:11)\n    at TLSSocket.socketErrorListener (node:_http_client:504:5)\n    at TLSSocket.emit (node:events:519:28)\n    at emitErrorNT (node:internal/streams/destroy:169:8)\n    at emitErrorCloseNT (node:internal/streams/destroy:128:3)\n    at processTicksAndRejections (node:internal/process/task_queues:82:21)\n    at runNextTicks (node:internal/process/task_queues:64:3)\n    at listOnTimeout (node:internal/timers:545:9)","timestamp":"2025-01-25 09:24:13","type":"system"}
{"code":"ETIMEDOUT","errno":"ETIMEDOUT","level":"error","message":"request to https://api.strem.io/api/login failed, reason: ","stack":"FetchError: request to https://api.strem.io/api/login failed, reason: \n    at ClientRequest.<anonymous> (/www/wwwroot/stremioadmindark/node_modules/node-fetch/lib/index.js:1501:11)\n    at ClientRequest.emit (node:events:519:28)\n    at emitErrorEvent (node:_http_client:101:11)\n    at TLSSocket.socketErrorListener (node:_http_client:504:5)\n    at TLSSocket.emit (node:events:519:28)\n    at emitErrorNT (node:internal/streams/destroy:169:8)\n    at emitErrorCloseNT (node:internal/streams/destroy:128:3)\n    at processTicksAndRejections (node:internal/process/task_queues:82:21)\n    at runNextTicks (node:internal/process/task_queues:64:3)\n    at listOnTimeout (node:internal/timers:545:9)","timestamp":"2025-01-25 09:24:13","type":"system"}
{"code":"ETIMEDOUT","errno":"ETIMEDOUT","level":"error","message":"request to https://api.strem.io/api/login failed, reason: ","stack":"FetchError: request to https://api.strem.io/api/login failed, reason: \n    at ClientRequest.<anonymous> (/www/wwwroot/stremioadmindark/node_modules/node-fetch/lib/index.js:1501:11)\n    at ClientRequest.emit (node:events:519:28)\n    at emitErrorEvent (node:_http_client:101:11)\n    at TLSSocket.socketErrorListener (node:_http_client:504:5)\n    at TLSSocket.emit (node:events:519:28)\n    at emitErrorNT (node:internal/streams/destroy:169:8)\n    at emitErrorCloseNT (node:internal/streams/destroy:128:3)\n    at process.processTicksAndRejections (node:internal/process/task_queues:82:21)","timestamp":"2025-01-25 09:24:13","type":"system"}
{"code":"ETIMEDOUT","errno":"ETIMEDOUT","level":"error","message":"request to https://api.strem.io/api/login failed, reason: ","stack":"FetchError: request to https://api.strem.io/api/login failed, reason: \n    at ClientRequest.<anonymous> (/www/wwwroot/stremioadmindark/node_modules/node-fetch/lib/index.js:1501:11)\n    at ClientRequest.emit (node:events:519:28)\n    at emitErrorEvent (node:_http_client:101:11)\n    at TLSSocket.socketErrorListener (node:_http_client:504:5)\n    at TLSSocket.emit (node:events:519:28)\n    at emitErrorNT (node:internal/streams/destroy:169:8)\n    at emitErrorCloseNT (node:internal/streams/destroy:128:3)\n    at process.processTicksAndRejections (node:internal/process/task_queues:82:21)","timestamp":"2025-01-25 09:24:13","type":"system"}
{"level":"debug","message":"Making Stremio API request to /login","timestamp":"2025-01-25 09:24:26"}
{"code":"ETIMEDOUT","errno":"ETIMEDOUT","level":"error","message":"request to https://api.strem.io/api/login failed, reason: ","stack":"FetchError: request to https://api.strem.io/api/login failed, reason: \n    at ClientRequest.<anonymous> (/www/wwwroot/stremioadmindark/node_modules/node-fetch/lib/index.js:1501:11)\n    at ClientRequest.emit (node:events:519:28)\n    at emitErrorEvent (node:_http_client:101:11)\n    at TLSSocket.socketErrorListener (node:_http_client:504:5)\n    at TLSSocket.emit (node:events:519:28)\n    at emitErrorNT (node:internal/streams/destroy:169:8)\n    at emitErrorCloseNT (node:internal/streams/destroy:128:3)\n    at process.processTicksAndRejections (node:internal/process/task_queues:82:21)","timestamp":"2025-01-25 09:26:13","type":"system"}
{"code":"ETIMEDOUT","errno":"ETIMEDOUT","level":"error","message":"request to https://api.strem.io/api/login failed, reason: ","stack":"FetchError: request to https://api.strem.io/api/login failed, reason: \n    at ClientRequest.<anonymous> (/www/wwwroot/stremioadmindark/node_modules/node-fetch/lib/index.js:1501:11)\n    at ClientRequest.emit (node:events:519:28)\n    at emitErrorEvent (node:_http_client:101:11)\n    at TLSSocket.socketErrorListener (node:_http_client:504:5)\n    at TLSSocket.emit (node:events:519:28)\n    at emitErrorNT (node:internal/streams/destroy:169:8)\n    at emitErrorCloseNT (node:internal/streams/destroy:128:3)\n    at process.processTicksAndRejections (node:internal/process/task_queues:82:21)","timestamp":"2025-01-25 09:26:13","type":"system"}
{"code":"ETIMEDOUT","errno":"ETIMEDOUT","level":"error","message":"request to https://api.strem.io/api/login failed, reason: ","stack":"FetchError: request to https://api.strem.io/api/login failed, reason: \n    at ClientRequest.<anonymous> (/www/wwwroot/stremioadmindark/node_modules/node-fetch/lib/index.js:1501:11)\n    at ClientRequest.emit (node:events:519:28)\n    at emitErrorEvent (node:_http_client:101:11)\n    at TLSSocket.socketErrorListener (node:_http_client:504:5)\n    at TLSSocket.emit (node:events:519:28)\n    at emitErrorNT (node:internal/streams/destroy:169:8)\n    at emitErrorCloseNT (node:internal/streams/destroy:128:3)\n    at process.processTicksAndRejections (node:internal/process/task_queues:82:21)","timestamp":"2025-01-25 09:26:16","type":"system"}
{"code":"ETIMEDOUT","errno":"ETIMEDOUT","level":"error","message":"request to https://api.strem.io/api/login failed, reason: ","stack":"FetchError: request to https://api.strem.io/api/login failed, reason: \n    at ClientRequest.<anonymous> (/www/wwwroot/stremioadmindark/node_modules/node-fetch/lib/index.js:1501:11)\n    at ClientRequest.emit (node:events:519:28)\n    at emitErrorEvent (node:_http_client:101:11)\n    at TLSSocket.socketErrorListener (node:_http_client:504:5)\n    at TLSSocket.emit (node:events:519:28)\n    at emitErrorNT (node:internal/streams/destroy:169:8)\n    at emitErrorCloseNT (node:internal/streams/destroy:128:3)\n    at process.processTicksAndRejections (node:internal/process/task_queues:82:21)","timestamp":"2025-01-25 09:26:16","type":"system"}
{"code":"ETIMEDOUT","errno":"ETIMEDOUT","level":"error","message":"request to https://api.strem.io/api/login failed, reason: ","stack":"FetchError: request to https://api.strem.io/api/login failed, reason: \n    at ClientRequest.<anonymous> (/www/wwwroot/stremioadmindark/node_modules/node-fetch/lib/index.js:1501:11)\n    at ClientRequest.emit (node:events:519:28)\n    at emitErrorEvent (node:_http_client:101:11)\n    at TLSSocket.socketErrorListener (node:_http_client:504:5)\n    at TLSSocket.emit (node:events:519:28)\n    at emitErrorNT (node:internal/streams/destroy:169:8)\n    at emitErrorCloseNT (node:internal/streams/destroy:128:3)\n    at process.processTicksAndRejections (node:internal/process/task_queues:82:21)","timestamp":"2025-01-25 09:26:18","type":"system"}
{"code":"ETIMEDOUT","errno":"ETIMEDOUT","level":"error","message":"request to https://api.strem.io/api/login failed, reason: ","stack":"FetchError: request to https://api.strem.io/api/login failed, reason: \n    at ClientRequest.<anonymous> (/www/wwwroot/stremioadmindark/node_modules/node-fetch/lib/index.js:1501:11)\n    at ClientRequest.emit (node:events:519:28)\n    at emitErrorEvent (node:_http_client:101:11)\n    at TLSSocket.socketErrorListener (node:_http_client:504:5)\n    at TLSSocket.emit (node:events:519:28)\n    at emitErrorNT (node:internal/streams/destroy:169:8)\n    at emitErrorCloseNT (node:internal/streams/destroy:128:3)\n    at process.processTicksAndRejections (node:internal/process/task_queues:82:21)","timestamp":"2025-01-25 09:26:18","type":"system"}
{"code":"ETIMEDOUT","errno":"ETIMEDOUT","level":"error","message":"request to https://api.strem.io/api/login failed, reason: ","stack":"FetchError: request to https://api.strem.io/api/login failed, reason: \n    at ClientRequest.<anonymous> (/www/wwwroot/stremioadmindark/node_modules/node-fetch/lib/index.js:1501:11)\n    at ClientRequest.emit (node:events:519:28)\n    at emitErrorEvent (node:_http_client:101:11)\n    at TLSSocket.socketErrorListener (node:_http_client:504:5)\n    at TLSSocket.emit (node:events:519:28)\n    at emitErrorNT (node:internal/streams/destroy:169:8)\n    at emitErrorCloseNT (node:internal/streams/destroy:128:3)\n    at process.processTicksAndRejections (node:internal/process/task_queues:82:21)","timestamp":"2025-01-25 09:26:22","type":"system"}
{"code":"ETIMEDOUT","errno":"ETIMEDOUT","level":"error","message":"request to https://api.strem.io/api/login failed, reason: ","stack":"FetchError: request to https://api.strem.io/api/login failed, reason: \n    at ClientRequest.<anonymous> (/www/wwwroot/stremioadmindark/node_modules/node-fetch/lib/index.js:1501:11)\n    at ClientRequest.emit (node:events:519:28)\n    at emitErrorEvent (node:_http_client:101:11)\n    at TLSSocket.socketErrorListener (node:_http_client:504:5)\n    at TLSSocket.emit (node:events:519:28)\n    at emitErrorNT (node:internal/streams/destroy:169:8)\n    at emitErrorCloseNT (node:internal/streams/destroy:128:3)\n    at process.processTicksAndRejections (node:internal/process/task_queues:82:21)","timestamp":"2025-01-25 09:26:22","type":"system"}
{"level":"debug","message":"Making Stremio API request to /login","timestamp":"2025-01-25 09:27:07"}
{"level":"debug","message":"Making Stremio API request to /addonCollectionGet","timestamp":"2025-01-25 09:27:08"}
{"level":"debug","message":"Database updated successfully","timestamp":"2025-01-25 09:27:08"}
{"level":"debug","message":"Retrieved 11 total addons from Stremio","timestamp":"2025-01-25 09:27:08"}
{"level":"debug","message":"Stored 8 non-official addons","timestamp":"2025-01-25 09:27:08"}
{"level":"debug","message":"Making Stremio API request to /login","timestamp":"2025-01-25 09:29:31"}
{"level":"debug","message":"Making Stremio API request to /addonCollectionGet","timestamp":"2025-01-25 09:29:31"}
{"level":"debug","message":"Database updated successfully","timestamp":"2025-01-25 09:29:31"}
{"level":"debug","message":"Retrieved 11 total addons from Stremio","timestamp":"2025-01-25 09:29:31"}
{"level":"debug","message":"Stored 8 non-official addons","timestamp":"2025-01-25 09:29:31"}
{"level":"debug","message":"Making Stremio API request to /logout","timestamp":"2025-01-25 09:30:26"}
{"level":"debug","message":"Making Stremio API request to /login","timestamp":"2025-01-25 09:30:39"}
{"level":"debug","message":"Making Stremio API request to /addonCollectionGet","timestamp":"2025-01-25 09:30:39"}
{"level":"debug","message":"Database updated successfully","timestamp":"2025-01-25 09:30:39"}
{"level":"debug","message":"Retrieved 11 total addons from Stremio","timestamp":"2025-01-25 09:30:39"}
{"level":"debug","message":"Stored 8 non-official addons","timestamp":"2025-01-25 09:30:39"}
{"email":"greg@greg2.com","level":"debug","message":"Starting user sync","timestamp":"2025-01-25 09:30:52"}
{"level":"debug","message":"Making Stremio API request to /login","timestamp":"2025-01-25 09:30:52"}
{"level":"debug","message":"Making Stremio API request to /addonCollectionSet","timestamp":"2025-01-25 09:30:52"}
{"level":"debug","message":"Users database updated successfully","timestamp":"2025-01-25 09:30:52"}
{"level":"debug","message":"Making Stremio API request to /logout","timestamp":"2025-01-25 09:30:52"}
{"email":"greg@greg3.com","level":"debug","message":"Starting user sync","timestamp":"2025-01-25 09:30:54"}
{"level":"debug","message":"Making Stremio API request to /login","timestamp":"2025-01-25 09:30:54"}
{"level":"debug","message":"Making Stremio API request to /addonCollectionSet","timestamp":"2025-01-25 09:30:54"}
{"level":"debug","message":"Users database updated successfully","timestamp":"2025-01-25 09:30:54"}
{"level":"debug","message":"Making Stremio API request to /logout","timestamp":"2025-01-25 09:30:54"}
{"code":"ENOENT","errno":-2,"level":"error","message":"Error fetching users: ENOENT: no such file or directory, open '/www/wwwroot/stremioadmindark/databases/greg_at_greg.com/users.json'","path":"/www/wwwroot/stremioadmindark/databases/greg_at_greg.com/users.json","stack":"Error: ENOENT: no such file or directory, open '/www/wwwroot/stremioadmindark/databases/greg_at_greg.com/users.json'\n    at async open (node:internal/fs/promises:639:25)\n    at async Object.readFile (node:internal/fs/promises:1242:14)\n    at async readUsersDatabase (/www/wwwroot/stremioadmindark/app.js:106:18)\n    at async /www/wwwroot/stremioadmindark/app.js:397:23","syscall":"open","timestamp":"2025-01-25 09:50:38"}
{"code":"ENOENT","errno":-2,"level":"error","message":"Error reading addons: ENOENT: no such file or directory, open '/www/wwwroot/stremioadmindark/databases/greg_at_greg.com/addons.json'","path":"/www/wwwroot/stremioadmindark/databases/greg_at_greg.com/addons.json","stack":"Error: ENOENT: no such file or directory, open '/www/wwwroot/stremioadmindark/databases/greg_at_greg.com/addons.json'\n    at async open (node:internal/fs/promises:639:25)\n    at async Object.readFile (node:internal/fs/promises:1242:14)\n    at async readDatabase (/www/wwwroot/stremioadmindark/app.js:94:18)\n    at async /www/wwwroot/stremioadmindark/app.js:307:22","syscall":"open","timestamp":"2025-01-25 09:50:38"}
{"code":"ENOENT","errno":-2,"level":"error","message":"Error fetching users: ENOENT: no such file or directory, open '/www/wwwroot/stremioadmindark/databases/greg_at_greg.com/users.json'","path":"/www/wwwroot/stremioadmindark/databases/greg_at_greg.com/users.json","stack":"Error: ENOENT: no such file or directory, open '/www/wwwroot/stremioadmindark/databases/greg_at_greg.com/users.json'\n    at async open (node:internal/fs/promises:639:25)\n    at async Object.readFile (node:internal/fs/promises:1242:14)\n    at async readUsersDatabase (/www/wwwroot/stremioadmindark/app.js:106:18)\n    at async /www/wwwroot/stremioadmindark/app.js:397:23","syscall":"open","timestamp":"2025-01-25 09:50:38"}
{"code":"ENOENT","errno":-2,"level":"error","message":"Error reading addons: ENOENT: no such file or directory, open '/www/wwwroot/stremioadmindark/databases/greg_at_greg.com/addons.json'","path":"/www/wwwroot/stremioadmindark/databases/greg_at_greg.com/addons.json","stack":"Error: ENOENT: no such file or directory, open '/www/wwwroot/stremioadmindark/databases/greg_at_greg.com/addons.json'\n    at async open (node:internal/fs/promises:639:25)\n    at async Object.readFile (node:internal/fs/promises:1242:14)\n    at async readDatabase (/www/wwwroot/stremioadmindark/app.js:94:18)\n    at async /www/wwwroot/stremioadmindark/app.js:307:22","syscall":"open","timestamp":"2025-01-25 09:50:38"}
{"level":"debug","message":"Making Stremio API request to /logout","timestamp":"2025-01-25 09:50:43"}
{"level":"debug","message":"Making Stremio API request to /login","timestamp":"2025-01-25 09:50:59"}
{"level":"debug","message":"Making Stremio API request to /login","timestamp":"2025-01-25 09:51:03"}
{"level":"debug","message":"Making Stremio API request to /login","timestamp":"2025-01-25 09:51:04"}
{"level":"debug","message":"Making Stremio API request to /addonCollectionGet","timestamp":"2025-01-25 09:51:04"}
{"level":"debug","message":"Making Stremio API request to /addonCollectionGet","timestamp":"2025-01-25 09:51:04"}
{"level":"debug","message":"Making Stremio API request to /addonCollectionGet","timestamp":"2025-01-25 09:51:04"}
{"level":"debug","message":"Database updated successfully","timestamp":"2025-01-25 09:51:04"}
{"level":"debug","message":"Retrieved 11 total addons from Stremio","timestamp":"2025-01-25 09:51:04"}
{"level":"debug","message":"Stored 8 non-official addons","timestamp":"2025-01-25 09:51:04"}
{"level":"debug","message":"Database updated successfully","timestamp":"2025-01-25 09:51:04"}
{"level":"debug","message":"Retrieved 11 total addons from Stremio","timestamp":"2025-01-25 09:51:04"}
{"level":"debug","message":"Stored 8 non-official addons","timestamp":"2025-01-25 09:51:04"}
{"level":"debug","message":"Database updated successfully","timestamp":"2025-01-25 09:51:04"}
{"level":"debug","message":"Retrieved 11 total addons from Stremio","timestamp":"2025-01-25 09:51:04"}
{"level":"debug","message":"Stored 8 non-official addons","timestamp":"2025-01-25 09:51:04"}
{"level":"debug","message":"Making Stremio API request to /logout","timestamp":"2025-01-25 09:52:09"}
{"level":"debug","message":"Making Stremio API request to /login","timestamp":"2025-01-25 09:52:22"}
{"level":"debug","message":"Making Stremio API request to /addonCollectionGet","timestamp":"2025-01-25 09:52:23"}
{"level":"debug","message":"Database updated successfully","timestamp":"2025-01-25 09:52:23"}
{"level":"debug","message":"Retrieved 11 total addons from Stremio","timestamp":"2025-01-25 09:52:23"}
{"level":"debug","message":"Stored 8 non-official addons","timestamp":"2025-01-25 09:52:23"}
{"level":"debug","message":"Making Stremio API request to /login","timestamp":"2025-01-25 10:09:53"}
{"level":"debug","message":"Making Stremio API request to /login","timestamp":"2025-01-25 10:10:02"}
{"level":"debug","message":"Making Stremio API request to /addonCollectionGet","timestamp":"2025-01-25 10:10:03"}
{"level":"debug","message":"Database updated successfully","timestamp":"2025-01-25 10:10:03"}
{"level":"debug","message":"Retrieved 39 total addons from Stremio","timestamp":"2025-01-25 10:10:03"}
{"level":"debug","message":"Stored 39 non-official addons","timestamp":"2025-01-25 10:10:03"}
{"level":"debug","message":"Making Stremio API request to /addonCollectionGet","timestamp":"2025-01-25 10:10:13"}
{"level":"debug","message":"Database updated successfully","timestamp":"2025-01-25 10:10:13"}
{"level":"debug","message":"Retrieved 39 total addons from Stremio","timestamp":"2025-01-25 10:10:13"}
{"level":"debug","message":"Stored 39 non-official addons","timestamp":"2025-01-25 10:10:13"}
{"level":"debug","message":"Making Stremio API request to /logout","timestamp":"2025-01-25 10:25:13"}
{"level":"debug","message":"Making Stremio API request to /login","timestamp":"2025-01-25 10:29:26"}
{"level":"debug","message":"Making Stremio API request to /addonCollectionGet","timestamp":"2025-01-25 10:29:32"}
{"level":"debug","message":"Database updated successfully","timestamp":"2025-01-25 10:29:32"}
{"level":"debug","message":"Retrieved 11 total addons from Stremio","timestamp":"2025-01-25 10:29:32"}
{"level":"debug","message":"Stored 8 non-official addons","timestamp":"2025-01-25 10:29:32"}
{"level":"debug","message":"Making Stremio API request to /logout","timestamp":"2025-01-25 10:30:18"}
{"level":"debug","message":"Making Stremio API request to /login","timestamp":"2025-01-25 10:58:32"}
{"level":"debug","message":"Making Stremio API request to /login","timestamp":"2025-01-25 11:00:14"}
{"level":"debug","message":"Making Stremio API request to /addonCollectionGet","timestamp":"2025-01-25 11:00:14"}
{"level":"debug","message":"Database updated successfully","timestamp":"2025-01-25 11:00:14"}
{"level":"debug","message":"Retrieved 3 total addons from Stremio","timestamp":"2025-01-25 11:00:14"}
{"level":"debug","message":"Stored 0 non-official addons","timestamp":"2025-01-25 11:00:14"}
{"level":"debug","message":"Making Stremio API request to /login","timestamp":"2025-01-25 11:43:27"}
{"level":"debug","message":"Making Stremio API request to /login","timestamp":"2025-01-25 11:43:29"}
{"level":"debug","message":"Making Stremio API request to /addonCollectionGet","timestamp":"2025-01-25 11:43:35"}
{"level":"debug","message":"Making Stremio API request to /addonCollectionGet","timestamp":"2025-01-25 11:43:35"}
{"level":"debug","message":"Database updated successfully","timestamp":"2025-01-25 11:43:35"}
{"level":"debug","message":"Retrieved 7 total addons from Stremio","timestamp":"2025-01-25 11:43:35"}
{"level":"debug","message":"Stored 5 non-official addons","timestamp":"2025-01-25 11:43:35"}
{"level":"debug","message":"Database updated successfully","timestamp":"2025-01-25 11:43:35"}
{"level":"debug","message":"Retrieved 7 total addons from Stremio","timestamp":"2025-01-25 11:43:35"}
{"level":"debug","message":"Stored 5 non-official addons","timestamp":"2025-01-25 11:43:35"}
{"level":"debug","message":"Making Stremio API request to /login","timestamp":"2025-01-25 11:47:32"}
{"level":"debug","message":"Making Stremio API request to /login","timestamp":"2025-01-25 11:47:35"}
{"level":"debug","message":"Making Stremio API request to /login","timestamp":"2025-01-25 11:47:37"}
{"level":"debug","message":"Making Stremio API request to /login","timestamp":"2025-01-25 11:48:14"}
{"level":"debug","message":"Making Stremio API request to /addonCollectionGet","timestamp":"2025-01-25 11:48:14"}
{"level":"debug","message":"Database updated successfully","timestamp":"2025-01-25 11:48:14"}
{"level":"debug","message":"Retrieved 8 total addons from Stremio","timestamp":"2025-01-25 11:48:14"}
{"level":"debug","message":"Stored 6 non-official addons","timestamp":"2025-01-25 11:48:14"}
{"level":"debug","message":"Making Stremio API request to /login","timestamp":"2025-01-25 13:02:30"}
{"level":"debug","message":"Making Stremio API request to /addonCollectionGet","timestamp":"2025-01-25 13:02:31"}
{"level":"debug","message":"Database updated successfully","timestamp":"2025-01-25 13:02:31"}
{"level":"debug","message":"Retrieved 8 total addons from Stremio","timestamp":"2025-01-25 13:02:31"}
{"level":"debug","message":"Stored 6 non-official addons","timestamp":"2025-01-25 13:02:31"}
{"level":"debug","message":"Making Stremio API request to /login","timestamp":"2025-01-25 13:05:06"}
{"level":"debug","message":"Users database updated successfully","timestamp":"2025-01-25 13:05:07"}
{"code":"EAI_AGAIN","errno":"EAI_AGAIN","level":"error","message":"request to https://api.strem.io/api/register failed, reason: getaddrinfo EAI_AGAIN api.strem.io","stack":"FetchError: request to https://api.strem.io/api/register failed, reason: getaddrinfo EAI_AGAIN api.strem.io\n    at ClientRequest.<anonymous> (/www/wwwroot/stremioadmindark/node_modules/node-fetch/lib/index.js:1501:11)\n    at ClientRequest.emit (node:events:519:28)\n    at emitErrorEvent (node:_http_client:101:11)\n    at TLSSocket.socketErrorListener (node:_http_client:504:5)\n    at TLSSocket.emit (node:events:519:28)\n    at emitErrorNT (node:internal/streams/destroy:169:8)\n    at emitErrorCloseNT (node:internal/streams/destroy:128:3)\n    at process.processTicksAndRejections (node:internal/process/task_queues:82:21)","timestamp":"2025-01-25 13:25:45","type":"system"}
{"code":"EAI_AGAIN","errno":"EAI_AGAIN","level":"error","message":"request to https://api.strem.io/api/register failed, reason: getaddrinfo EAI_AGAIN api.strem.io","stack":"FetchError: request to https://api.strem.io/api/register failed, reason: getaddrinfo EAI_AGAIN api.strem.io\n    at ClientRequest.<anonymous> (/www/wwwroot/stremioadmindark/node_modules/node-fetch/lib/index.js:1501:11)\n    at ClientRequest.emit (node:events:519:28)\n    at emitErrorEvent (node:_http_client:101:11)\n    at TLSSocket.socketErrorListener (node:_http_client:504:5)\n    at TLSSocket.emit (node:events:519:28)\n    at emitErrorNT (node:internal/streams/destroy:169:8)\n    at emitErrorCloseNT (node:internal/streams/destroy:128:3)\n    at process.processTicksAndRejections (node:internal/process/task_queues:82:21)","timestamp":"2025-01-25 13:25:48","type":"system"}
{"code":"EAI_AGAIN","errno":"EAI_AGAIN","level":"error","message":"request to https://api.strem.io/api/register failed, reason: getaddrinfo EAI_AGAIN api.strem.io","stack":"FetchError: request to https://api.strem.io/api/register failed, reason: getaddrinfo EAI_AGAIN api.strem.io\n    at ClientRequest.<anonymous> (/www/wwwroot/stremioadmindark/node_modules/node-fetch/lib/index.js:1501:11)\n    at ClientRequest.emit (node:events:519:28)\n    at emitErrorEvent (node:_http_client:101:11)\n    at TLSSocket.socketErrorListener (node:_http_client:504:5)\n    at TLSSocket.emit (node:events:519:28)\n    at emitErrorNT (node:internal/streams/destroy:169:8)\n    at emitErrorCloseNT (node:internal/streams/destroy:128:3)\n    at process.processTicksAndRejections (node:internal/process/task_queues:82:21)","timestamp":"2025-01-25 13:25:55","type":"system"}
{"level":"debug","message":"Making Stremio API request to /login","timestamp":"2025-01-25 15:15:22"}
{"level":"debug","message":"Making Stremio API request to /addonCollectionGet","timestamp":"2025-01-25 15:15:22"}
{"level":"debug","message":"Database updated successfully","timestamp":"2025-01-25 15:15:22"}
{"level":"debug","message":"Retrieved 44 total addons from Stremio","timestamp":"2025-01-25 15:15:22"}
{"level":"debug","message":"Stored 42 non-official addons","timestamp":"2025-01-25 15:15:22"}
{"level":"debug","message":"Making Stremio API request to /login","timestamp":"2025-01-25 15:26:00"}
{"level":"debug","message":"Users database updated successfully","timestamp":"2025-01-25 15:26:05"}
{"level":"debug","message":"Making Stremio API request to /login","timestamp":"2025-01-25 16:08:19"}
{"level":"debug","message":"Making Stremio API request to /login","timestamp":"2025-01-25 16:08:20"}
{"level":"debug","message":"Making Stremio API request to /addonCollectionGet","timestamp":"2025-01-25 16:08:24"}
{"level":"debug","message":"Database updated successfully","timestamp":"2025-01-25 16:08:24"}
{"level":"debug","message":"Retrieved 26 total addons from Stremio","timestamp":"2025-01-25 16:08:24"}
{"level":"debug","message":"Stored 25 non-official addons","timestamp":"2025-01-25 16:08:24"}
{"level":"debug","message":"Making Stremio API request to /addonCollectionGet","timestamp":"2025-01-25 16:08:24"}
{"level":"debug","message":"Database updated successfully","timestamp":"2025-01-25 16:08:24"}
{"level":"debug","message":"Retrieved 26 total addons from Stremio","timestamp":"2025-01-25 16:08:24"}
{"level":"debug","message":"Stored 25 non-official addons","timestamp":"2025-01-25 16:08:24"}
{"level":"debug","message":"Making Stremio API request to /login","timestamp":"2025-01-25 16:10:26"}
{"level":"debug","message":"Making Stremio API request to /addonCollectionGet","timestamp":"2025-01-25 16:10:26"}
{"level":"debug","message":"Database updated successfully","timestamp":"2025-01-25 16:10:26"}
{"level":"debug","message":"Retrieved 26 total addons from Stremio","timestamp":"2025-01-25 16:10:26"}
{"level":"debug","message":"Stored 25 non-official addons","timestamp":"2025-01-25 16:10:26"}
{"level":"debug","message":"Making Stremio API request to /login","timestamp":"2025-01-25 20:08:07"}
{"level":"debug","message":"Making Stremio API request to /addonCollectionGet","timestamp":"2025-01-25 20:08:12"}
{"level":"debug","message":"Making Stremio API request to /login","timestamp":"2025-01-25 20:08:12"}
{"level":"debug","message":"Making Stremio API request to /addonCollectionGet","timestamp":"2025-01-25 20:08:12"}
{"level":"debug","message":"Database updated successfully","timestamp":"2025-01-25 20:08:13"}
{"level":"debug","message":"Retrieved 6 total addons from Stremio","timestamp":"2025-01-25 20:08:13"}
{"level":"debug","message":"Stored 5 non-official addons","timestamp":"2025-01-25 20:08:13"}
{"level":"debug","message":"Database updated successfully","timestamp":"2025-01-25 20:08:13"}
{"level":"debug","message":"Retrieved 6 total addons from Stremio","timestamp":"2025-01-25 20:08:13"}
{"level":"debug","message":"Stored 5 non-official addons","timestamp":"2025-01-25 20:08:13"}
{"level":"info","message":"Server started on port 3001","timestamp":"2025-01-25 23:18:53"}
{"level":"info","message":"Server started on port 3001","timestamp":"2025-01-25 23:28:07"}
{"level":"info","message":"Server started on port 3001","timestamp":"2025-01-25 23:38:39"}
